#
# A fatal error has been detected by the Java Runtime Environment:
#
#  EXCEPTION_ACCESS_VIOLATION (0xc0000005) at pc=0x507f757e, pid=12928, tid=0x00001898
#
# JRE version: Java(TM) SE Runtime Environment (8.0_191-b12) (build 1.8.0_191-b12)
# Java VM: Java HotSpot(TM) Client VM (25.191-b12 mixed mode windows-x86 )
# Problematic frame:
# V  [jvm.dll+0xe757e]
#
# Failed to write core dump. Minidumps are not enabled by default on client versions of Windows
#
# If you would like to submit a bug report, please visit:
#   http://bugreport.java.com/bugreport/crash.jsp
#

---------------  T H R E A D  ---------------

Current thread (0x2395c400):  JavaThread "http-nio-8081-AsyncTimeout" daemon [_thread_in_vm, id=6296, stack(0x25e40000,0x25e90000)]

siginfo: ExceptionCode=0xc0000005, reading address 0x00000000

Registers:
EAX=0x00000000, EBX=0x185105dc, ECX=0x00000000, EDX=0x23dbd5cc
ESP=0x25e8ecb4, EBP=0x25e8ecd0, ESI=0x00000000, EDI=0x2395c400
EIP=0x507f757e, EFLAGS=0x00010246

Top of Stack: (sp=0x25e8ecb4)
0x25e8ecb4:   266761b8 00000000 185105dc 2395c400
0x25e8ecc4:   00000000 185105dc 0c2ceac8 2395c540
0x25e8ecd4:   77763842 2395c540 00000000 00000000
0x25e8ece4:   000003fa 26675da0 04da8aa0 25e8edcc
0x25e8ecf4:   00000000 777637c8 04da8aa0 2395c540
0x25e8ed04:   00000000 00000000 00000000 185105dc
0x25e8ed14:   00000000 000003fa 26675da0 25e8edc8
0x25e8ed24:   25e8edcc 00000000 25e8edf8 25e8edd0 

Instructions: (pc=0x507f757e)
0x507f755e:   c4 08 83 7f 04 00 89 7d f0 c7 45 f4 00 00 00 00
0x507f756e:   74 08 8d 4d f0 e8 e8 34 0c 00 8b 75 10 8b 45 0c
0x507f757e:   8b 10 85 f6 78 32 8b 45 14 85 c0 78 2b 8d 0c 06
0x507f758e:   3b 4a 08 77 23 85 c0 7e 3b 8b 4a 04 8b 49 04 83 


Register to memory mapping:

EAX=0x00000000 is an unknown value
EBX=0x185105dc is an unknown value
ECX=0x00000000 is an unknown value
EDX=0x23dbd5cc is an unknown value
ESP=0x25e8ecb4 is pointing into the stack for thread: 0x2395c400
EBP=0x25e8ecd0 is pointing into the stack for thread: 0x2395c400
ESI=0x00000000 is an unknown value
EDI=0x2395c400 is a thread


Stack: [0x25e40000,0x25e90000],  sp=0x25e8ecb4,  free space=315k
Native frames: (J=compiled Java code, j=interpreted, Vv=VM code, C=native code)
V  [jvm.dll+0xe757e]
C  [jrebel32.dll+0x3842]

Java frames: (J=compiled Java code, j=interpreted, Vv=VM code)
j  java.lang.Throwable.printStackTrace(Ljava/io/PrintStream;)V+5
j  java.lang.ThreadGroup.uncaughtException(Ljava/lang/Thread;Ljava/lang/Throwable;)V+91
j  java.lang.ThreadGroup.uncaughtException(Ljava/lang/Thread;Ljava/lang/Throwable;)V+17
j  java.lang.Thread.dispatchUncaughtException(Ljava/lang/Throwable;)V+6
v  ~StubRoutines::call_stub

---------------  P R O C E S S  ---------------

Java Threads: ( => current thread )
  0x23960400 JavaThread "Intermediate Collector" daemon [_thread_blocked, id=3028, stack(0x031d0000,0x03220000)]
  0x2395cc00 JavaThread "DestroyJavaVM" [_thread_blocked, id=11496, stack(0x05210000,0x05260000)]
=>0x2395c400 JavaThread "http-nio-8081-AsyncTimeout" daemon [_thread_in_vm, id=6296, stack(0x25e40000,0x25e90000)]
  0x2395ac00 JavaThread "http-nio-8081-Acceptor-0" daemon [_thread_in_native, id=9404, stack(0x25db0000,0x25e00000)]
  0x23957400 JavaThread "http-nio-8081-ClientPoller-1" daemon [_thread_in_native, id=6972, stack(0x25d20000,0x25d70000)]
  0x23959800 JavaThread "http-nio-8081-ClientPoller-0" daemon [_thread_blocked, id=15068, stack(0x25c90000,0x25ce0000)]
  0x23956c00 JavaThread "http-nio-8081-exec-10" daemon [_thread_blocked, id=9980, stack(0x25c00000,0x25c50000)]
  0x2395c000 JavaThread "http-nio-8081-exec-9" daemon [_thread_blocked, id=5100, stack(0x25b70000,0x25bc0000)]
  0x2395b800 JavaThread "http-nio-8081-exec-8" daemon [_thread_blocked, id=7964, stack(0x25ae0000,0x25b30000)]
  0x23958800 JavaThread "http-nio-8081-exec-7" daemon [_thread_blocked, id=4132, stack(0x25a50000,0x25aa0000)]
  0x23955400 JavaThread "http-nio-8081-exec-6" daemon [_thread_blocked, id=1920, stack(0x259c0000,0x25a10000)]
  0x2395a800 JavaThread "http-nio-8081-exec-5" daemon [_thread_blocked, id=688, stack(0x25930000,0x25980000)]
  0x2395b400 JavaThread "http-nio-8081-exec-4" daemon [_thread_blocked, id=15004, stack(0x258a0000,0x258f0000)]
  0x23959400 JavaThread "http-nio-8081-exec-3" daemon [_thread_blocked, id=11744, stack(0x25810000,0x25860000)]
  0x23958000 JavaThread "http-nio-8081-exec-2" daemon [_thread_blocked, id=11444, stack(0x25780000,0x257d0000)]
  0x23956800 JavaThread "http-nio-8081-exec-1" daemon [_thread_blocked, id=13088, stack(0x256f0000,0x25740000)]
  0x23956000 JavaThread "NioBlockingSelector.BlockPoller-2" daemon [_thread_in_native, id=10388, stack(0x25660000,0x256b0000)]
  0x23db9000 JavaThread "http-nio-9981-AsyncTimeout" daemon [_thread_blocked, id=1968, stack(0x253d0000,0x25420000)]
  0x23db3400 JavaThread "http-nio-9981-Acceptor-0" daemon [_thread_in_native, id=13788, stack(0x25340000,0x25390000)]
  0x23db6400 JavaThread "http-nio-9981-ClientPoller-1" daemon [_thread_in_native, id=7620, stack(0x252b0000,0x25300000)]
  0x23db4400 JavaThread "http-nio-9981-ClientPoller-0" daemon [_thread_in_native, id=2684, stack(0x25220000,0x25270000)]
  0x23db8c00 JavaThread "http-nio-9981-exec-10" daemon [_thread_blocked, id=13620, stack(0x25190000,0x251e0000)]
  0x23db7c00 JavaThread "http-nio-9981-exec-9" daemon [_thread_blocked, id=5136, stack(0x25100000,0x25150000)]
  0x23db6c00 JavaThread "http-nio-9981-exec-8" daemon [_thread_blocked, id=7388, stack(0x25070000,0x250c0000)]
  0x23db8400 JavaThread "http-nio-9981-exec-7" daemon [_thread_blocked, id=11748, stack(0x24fe0000,0x25030000)]
  0x23db2c00 JavaThread "http-nio-9981-exec-6" daemon [_thread_blocked, id=14344, stack(0x24f50000,0x24fa0000)]
  0x23db7800 JavaThread "http-nio-9981-exec-5" daemon [_thread_blocked, id=13196, stack(0x24ec0000,0x24f10000)]
  0x1a53b400 JavaThread "http-nio-9981-exec-4" daemon [_thread_blocked, id=11280, stack(0x24e30000,0x24e80000)]
  0x1f4cb400 JavaThread "http-nio-9981-exec-3" daemon [_thread_blocked, id=9868, stack(0x24da0000,0x24df0000)]
  0x2175e000 JavaThread "http-nio-9981-exec-2" daemon [_thread_blocked, id=8544, stack(0x24d10000,0x24d60000)]
  0x21756c00 JavaThread "http-nio-9981-exec-1" daemon [_thread_blocked, id=7832, stack(0x24c80000,0x24cd0000)]
  0x20a06c00 JavaThread "NioBlockingSelector.BlockPoller-1" daemon [_thread_in_native, id=15152, stack(0x24bf0000,0x24c40000)]
  0x20a04400 JavaThread "container-1" [_thread_blocked, id=13328, stack(0x24b60000,0x24bb0000)]
  0x21810800 JavaThread "ContainerBackgroundProcessor[StandardEngine[Tomcat-1]]" daemon [_thread_blocked, id=8420, stack(0x24ad0000,0x24b20000)]
  0x2180e800 JavaThread "spring.cloud.inetutils" daemon [_thread_blocked, id=5644, stack(0x03270000,0x032c0000)]
  0x21807000 JavaThread "commons-pool-evictor-thread" [_thread_blocked, id=6728, stack(0x21a50000,0x21aa0000)]
  0x2113f000 JavaThread "Druid-ConnectionPool-Destroy-27565500" daemon [_thread_blocked, id=1076, stack(0x22930000,0x22980000)]
  0x2113d000 JavaThread "Druid-ConnectionPool-Create-27565500" daemon [_thread_blocked, id=15064, stack(0x228a0000,0x228f0000)]
  0x2113dc00 JavaThread "Druid-ConnectionPool-Destroy-2358672" daemon [_thread_blocked, id=11988, stack(0x22810000,0x22860000)]
  0x21144800 JavaThread "Druid-ConnectionPool-Create-2358672" daemon [_thread_blocked, id=8004, stack(0x22780000,0x227d0000)]
  0x2113e400 JavaThread "Druid-ConnectionPool-Destroy-26626034" daemon [_thread_blocked, id=2692, stack(0x225f0000,0x22640000)]
  0x21140400 JavaThread "Druid-ConnectionPool-Create-26626034" daemon [_thread_blocked, id=11024, stack(0x22560000,0x225b0000)]
  0x21142400 JavaThread "Druid-ConnectionPool-Destroy-12767177" daemon [_thread_blocked, id=14728, stack(0x224d0000,0x22520000)]
  0x21141c00 JavaThread "Druid-ConnectionPool-Create-12767177" daemon [_thread_blocked, id=13080, stack(0x22440000,0x22490000)]
  0x1bd01800 JavaThread "Druid-ConnectionPool-Destroy-5491639" daemon [_thread_blocked, id=13940, stack(0x222b0000,0x22300000)]
  0x1bcfe400 JavaThread "Druid-ConnectionPool-Create-5491639" daemon [_thread_blocked, id=8832, stack(0x22220000,0x22270000)]
  0x20a03800 JavaThread "Abandoned connection cleanup thread" daemon [_thread_blocked, id=9500, stack(0x21f90000,0x21fe0000)]
  0x20a07000 JavaThread "container-0" [_thread_blocked, id=14436, stack(0x21e00000,0x21e50000)]
  0x20a04000 JavaThread "ContainerBackgroundProcessor[StandardEngine[Tomcat]]" daemon [_thread_blocked, id=1536, stack(0x21d70000,0x21dc0000)]
  0x1f4c8800 JavaThread "metrics-logger-reporter-1-thread-1" daemon [_thread_blocked, id=8252, stack(0x1d1a0000,0x1d1f0000)]
  0x1e020000 JavaThread "AsyncAppender-Worker-KAFKA_ASYNC" daemon [_thread_blocked, id=8220, stack(0x1cc90000,0x1cce0000)]
  0x1bcff800 JavaThread "AsyncAppender-Worker-KAFKA_ASYNC" daemon [_thread_blocked, id=13536, stack(0x1cc00000,0x1cc50000)]
  0x1a53a800 JavaThread "RMI Scheduler(0)" daemon [_thread_blocked, id=10156, stack(0x1cf80000,0x1cfd0000)]
  0x1a53a000 JavaThread "RMI TCP Accept-0" daemon [_thread_in_native, id=15196, stack(0x1ca50000,0x1caa0000)]
  0x1a53f400 JavaThread "RMI TCP Accept-59289" daemon [_thread_in_native, id=6352, stack(0x1c9c0000,0x1ca10000)]
  0x1a53e800 JavaThread "RMI TCP Accept-0" daemon [_thread_in_native, id=784, stack(0x1c830000,0x1c880000)]
  0x1a539000 JavaThread "Service Thread" daemon [_thread_blocked, id=11504, stack(0x1b6d0000,0x1b720000)]
  0x1a9de800 JavaThread "C1 CompilerThread0" daemon [_thread_blocked, id=12648, stack(0x1b640000,0x1b690000)]
  0x1a538800 JavaThread "rebel-change-detector-thread" daemon [_thread_blocked, id=9864, stack(0x1b5b0000,0x1b600000)]
  0x1a53d400 JavaThread "rebel-debugger-thread" daemon [_thread_blocked, id=15212, stack(0x1b520000,0x1b570000)]
  0x1a53ec00 JavaThread "rebel-debugger-attach-notifier" daemon [_thread_blocked, id=13268, stack(0x1b490000,0x1b4e0000)]
  0x1a53f800 JavaThread "rebel-heartbeat-thread" daemon [_thread_blocked, id=9204, stack(0x1b400000,0x1b450000)]
  0x1a53bc00 JavaThread "rebel-redeploy-thread" daemon [_thread_blocked, id=7608, stack(0x1b370000,0x1b3c0000)]
  0x1a53e000 JavaThread "rebel-weak-reaper" daemon [_thread_blocked, id=8524, stack(0x1af50000,0x1afa0000)]
  0x1a1f9800 JavaThread "rebel-leaseManager-1" daemon [_thread_blocked, id=10848, stack(0x1aec0000,0x1af10000)]
  0x1a1f9000 JavaThread "rebel-IDENotificationsImpl-PostCycle" daemon [_thread_blocked, id=5552, stack(0x1ae30000,0x1ae80000)]
  0x1a1f8c00 JavaThread "rebel-messaging-executor-32" daemon [_thread_blocked, id=6528, stack(0x19ac0000,0x19b10000)]
  0x1a1f7800 JavaThread "rebel-cache-writer" daemon [_thread_blocked, id=6228, stack(0x191d0000,0x19220000)]
  0x1a1f8400 JavaThread "rebel-fsnotify-OutputReader" daemon [_thread_blocked, id=1324, stack(0x19970000,0x199c0000)]
  0x1a1f8000 JavaThread "rebel-fsnotify-OutputReader" daemon [_thread_blocked, id=12568, stack(0x198e0000,0x19930000)]
  0x1a1f9c00 JavaThread "rebel-fsnotify-ShutdownOnTermination" daemon [_thread_in_native, id=4632, stack(0x196d0000,0x19720000)]
  0x19061400 JavaThread "rebel-CacheKeepAlive" daemon [_thread_blocked, id=9160, stack(0x19610000,0x19660000)]
  0x18e6c800 JavaThread "rebel-logger" daemon [_thread_blocked, id=6312, stack(0x19140000,0x19190000)]
  0x17c12c00 JavaThread "JDWP Command Reader" daemon [_thread_in_native, id=10876, stack(0x184b0000,0x18500000)]
  0x17c0d000 JavaThread "JDWP Event Helper Thread" daemon [_thread_blocked, id=10948, stack(0x18420000,0x18470000)]
  0x17c02000 JavaThread "JDWP Transport Listener: dt_socket" daemon [_thread_blocked, id=4092, stack(0x18390000,0x183e0000)]
  0x17bf8c00 JavaThread "Attach Listener" daemon [_thread_blocked, id=8176, stack(0x17fc0000,0x18010000)]
  0x17bf8400 JavaThread "Signal Dispatcher" daemon [_thread_blocked, id=3076, stack(0x17f30000,0x17f80000)]
  0x05329000 JavaThread "Finalizer" daemon [_thread_blocked, id=6748, stack(0x17e30000,0x17e80000)]
  0x05327000 JavaThread "Reference Handler" daemon [_thread_blocked, id=12564, stack(0x17da0000,0x17df0000)]

Other Threads:
  0x05321c00 VMThread [stack: 0x17d50000,0x17da0000] [id=11852]
  0x1bbe5400 WatcherThread [stack: 0x1cae0000,0x1cb30000] [id=2328]

VM state:synchronizing (normal execution)

VM Mutex/Monitor currently owned by a thread:  ([mutex/lock_event])
[0x0526a0b8] Threads_lock - owner thread: 0x05321c00
[0x0526a600] Heap_lock - owner thread: 0x23956800

Heap:
 def new generation   total 78656K, used 78655K [0x07600000, 0x0cb50000, 0x0cb50000)
  eden space 69952K, 100% used [0x07600000, 0x0ba50000, 0x0ba50000)
  from space 8704K,  99% used [0x0ba50000, 0x0c2cff90, 0x0c2d0000)
  to   space 8704K,   0% used [0x0c2d0000, 0x0c2d0000, 0x0cb50000)
 tenured generation   total 174784K, used 174783K [0x0cb50000, 0x17600000, 0x17600000)
   the space 174784K,  99% used [0x0cb50000, 0x175fffd8, 0x17600000, 0x17600000)
 Metaspace       used 72497K, capacity 74062K, committed 75136K, reserved 75136K

Card table byte_map: [0x17600000,0x17690000] byte_map_base: 0x175c5000

Polling page: 0x04d80000

CodeCache: size=32768Kb used=8212Kb max_used=11875Kb free=24555Kb
 bounds [0x055c0000, 0x06170000, 0x075c0000]
 total_blobs=4328 nmethods=4082 adapters=184
 compilation: enabled

Compilation events (10 events):
Event: 418.957 Thread 0x1a9de800 19267             java.io.WinNTFileSystem::normalize (147 bytes)
Event: 418.957 Thread 0x1a9de800 nmethod 19267 0x05786108 code [0x05786270, 0x05786568]
Event: 419.099 Thread 0x1a9de800 19268             java.util.concurrent.ConcurrentHashMap::_jr$ig$table (8 bytes)
Event: 419.099 Thread 0x1a9de800 nmethod 19268 0x05954e48 code [0x05954f40, 0x05954fe0]
Event: 435.877 Thread 0x1a9de800 19269             java.io.WinNTFileSystem::normalize (231 bytes)
Event: 435.878 Thread 0x1a9de800 nmethod 19269 0x0598c548 code [0x0598c800, 0x0598dd7c]
Event: 461.964 Thread 0x1a9de800 19270             java.util.jar.Manifest$FastInputStream::readLine (171 bytes)
Event: 463.091 Thread 0x1a9de800 nmethod 19270 0x056c4f88 code [0x056c50a0, 0x056c52b8]
Event: 464.517 Thread 0x1a9de800 19271             sun.nio.cs.UTF_8$Decoder::decode (807 bytes)
Event: 464.520 Thread 0x1a9de800 nmethod 19271 0x056e3008 code [0x056e3550, 0x056e5244]

GC Heap History (10 events):
Event: 463.091 GC heap before
{Heap before GC invocations=355 (full 92):
 def new generation   total 78656K, used 78655K [0x07600000, 0x0cb50000, 0x0cb50000)
  eden space 69952K, 100% used [0x07600000, 0x0ba50000, 0x0ba50000)
  from space 8704K,  99% used [0x0ba50000, 0x0c2cfff8, 0x0c2d0000)
  to   space 8704K,   0% used [0x0c2d0000, 0x0c2d0000, 0x0cb50000)
 tenured generation   total 174784K, used 174784K [0x0cb50000, 0x17600000, 0x17600000)
   the space 174784K, 100% used [0x0cb50000, 0x17600000, 0x17600000, 0x17600000)
 Metaspace       used 72497K, capacity 74062K, committed 75136K, reserved 75136K
Event: 463.364 GC heap after
Heap after GC invocations=356 (full 93):
 def new generation   total 78656K, used 78642K [0x07600000, 0x0cb50000, 0x0cb50000)
  eden space 69952K,  99% used [0x07600000, 0x0ba4ff28, 0x0ba50000)
  from space 8704K,  99% used [0x0ba50000, 0x0c2cc9d0, 0x0c2d0000)
  to   space 8704K,   0% used [0x0c2d0000, 0x0c2d0000, 0x0cb50000)
 tenured generation   total 174784K, used 174784K [0x0cb50000, 0x17600000, 0x17600000)
   the space 174784K, 100% used [0x0cb50000, 0x17600000, 0x17600000, 0x17600000)
 Metaspace       used 72497K, capacity 74062K, committed 75136K, reserved 75136K
}
Event: 463.364 GC heap before
{Heap before GC invocations=356 (full 93):
 def new generation   total 78656K, used 78655K [0x07600000, 0x0cb50000, 0x0cb50000)
  eden space 69952K, 100% used [0x07600000, 0x0ba50000, 0x0ba50000)
  from space 8704K,  99% used [0x0ba50000, 0x0c2cfff0, 0x0c2d0000)
  to   space 8704K,   0% used [0x0c2d0000, 0x0c2d0000, 0x0cb50000)
 tenured generation   total 174784K, used 174784K [0x0cb50000, 0x17600000, 0x17600000)
   the space 174784K, 100% used [0x0cb50000, 0x17600000, 0x17600000, 0x17600000)
 Metaspace       used 72497K, capacity 74062K, committed 75136K, reserved 75136K
Event: 463.639 GC heap after
Heap after GC invocations=357 (full 94):
 def new generation   total 78656K, used 78639K [0x07600000, 0x0cb50000, 0x0cb50000)
  eden space 69952K,  99% used [0x07600000, 0x0ba4ff28, 0x0ba50000)
  from space 8704K,  99% used [0x0ba50000, 0x0c2cbfd0, 0x0c2d0000)
  to   space 8704K,   0% used [0x0c2d0000, 0x0c2d0000, 0x0cb50000)
 tenured generation   total 174784K, used 174784K [0x0cb50000, 0x17600000, 0x17600000)
   the space 174784K, 100% used [0x0cb50000, 0x17600000, 0x17600000, 0x17600000)
 Metaspace       used 72497K, capacity 74062K, committed 75136K, reserved 75136K
}
Event: 463.640 GC heap before
{Heap before GC invocations=357 (full 94):
 def new generation   total 78656K, used 78654K [0x07600000, 0x0cb50000, 0x0cb50000)
  eden space 69952K, 100% used [0x07600000, 0x0ba50000, 0x0ba50000)
  from space 8704K,  99% used [0x0ba50000, 0x0c2cf938, 0x0c2d0000)
  to   space 8704K,   0% used [0x0c2d0000, 0x0c2d0000, 0x0cb50000)
 tenured generation   total 174784K, used 174784K [0x0cb50000, 0x17600000, 0x17600000)
   the space 174784K, 100% used [0x0cb50000, 0x17600000, 0x17600000, 0x17600000)
 Metaspace       used 72497K, capacity 74062K, committed 75136K, reserved 75136K
Event: 463.914 GC heap after
Heap after GC invocations=358 (full 95):
 def new generation   total 78656K, used 78639K [0x07600000, 0x0cb50000, 0x0cb50000)
  eden space 69952K,  99% used [0x07600000, 0x0ba4ff28, 0x0ba50000)
  from space 8704K,  99% used [0x0ba50000, 0x0c2cbe50, 0x0c2d0000)
  to   space 8704K,   0% used [0x0c2d0000, 0x0c2d0000, 0x0cb50000)
 tenured generation   total 174784K, used 174784K [0x0cb50000, 0x17600000, 0x17600000)
   the space 174784K, 100% used [0x0cb50000, 0x17600000, 0x17600000, 0x17600000)
 Metaspace       used 72497K, capacity 74062K, committed 75136K, reserved 75136K
}
Event: 463.915 GC heap before
{Heap before GC invocations=358 (full 95):
 def new generation   total 78656K, used 78655K [0x07600000, 0x0cb50000, 0x0cb50000)
  eden space 69952K, 100% used [0x07600000, 0x0ba50000, 0x0ba50000)
  from space 8704K,  99% used [0x0ba50000, 0x0c2cff78, 0x0c2d0000)
  to   space 8704K,   0% used [0x0c2d0000, 0x0c2d0000, 0x0cb50000)
 tenured generation   total 174784K, used 174784K [0x0cb50000, 0x17600000, 0x17600000)
   the space 174784K, 100% used [0x0cb50000, 0x17600000, 0x17600000, 0x17600000)
 Metaspace       used 72497K, capacity 74062K, committed 75136K, reserved 75136K
Event: 464.248 GC heap after
Heap after GC invocations=359 (full 96):
 def new generation   total 78656K, used 78641K [0x07600000, 0x0cb50000, 0x0cb50000)
  eden space 69952K,  99% used [0x07600000, 0x0ba4ff90, 0x0ba50000)
  from space 8704K,  99% used [0x0ba50000, 0x0c2cc7c0, 0x0c2d0000)
  to   space 8704K,   0% used [0x0c2d0000, 0x0c2d0000, 0x0cb50000)
 tenured generation   total 174784K, used 174783K [0x0cb50000, 0x17600000, 0x17600000)
   the space 174784K,  99% used [0x0cb50000, 0x175fffd8, 0x17600000, 0x17600000)
 Metaspace       used 72497K, capacity 74062K, committed 75136K, reserved 75136K
}
Event: 464.248 GC heap before
{Heap before GC invocations=359 (full 96):
 def new generation   total 78656K, used 78655K [0x07600000, 0x0cb50000, 0x0cb50000)
  eden space 69952K, 100% used [0x07600000, 0x0ba50000, 0x0ba50000)
  from space 8704K,  99% used [0x0ba50000, 0x0c2cff18, 0x0c2d0000)
  to   space 8704K,   0% used [0x0c2d0000, 0x0c2d0000, 0x0cb50000)
 tenured generation   total 174784K, used 174783K [0x0cb50000, 0x17600000, 0x17600000)
   the space 174784K,  99% used [0x0cb50000, 0x175fffd8, 0x17600000, 0x17600000)
 Metaspace       used 72497K, capacity 74062K, committed 75136K, reserved 75136K
Event: 464.515 GC heap after
Heap after GC invocations=360 (full 97):
 def new generation   total 78656K, used 78643K [0x07600000, 0x0cb50000, 0x0cb50000)
  eden space 69952K,  99% used [0x07600000, 0x0ba4ff90, 0x0ba50000)
  from space 8704K,  99% used [0x0ba50000, 0x0c2cccc0, 0x0c2d0000)
  to   space 8704K,   0% used [0x0c2d0000, 0x0c2d0000, 0x0cb50000)
 tenured generation   total 174784K, used 174783K [0x0cb50000, 0x17600000, 0x17600000)
   the space 174784K,  99% used [0x0cb50000, 0x175fffd8, 0x17600000, 0x17600000)
 Metaspace       used 72497K, capacity 74062K, committed 75136K, reserved 75136K
}

Deoptimization events (0 events):
No events

Classes redefined (10 events):
Event: 43.923 Thread 0x05321c00 redefined class name=com.longfor.longjian.houseqm.domain.internalService.impl.HouseQmCheckTaskIssueUserServiceImpl$$EnhancerBySpringCGLIB$$83955ce, count=2
Event: 43.950 Thread 0x05321c00 redefined class name=com.longfor.longjian.houseqm.domain.internalService.HouseQmCheckTaskIssueUserService, count=1
Event: 43.977 Thread 0x05321c00 redefined class name=com.longfor.longjian.houseqm.domain.internalService.impl.HouseQmCheckTaskIssueUserServiceImpl, count=2
Event: 44.002 Thread 0x05321c00 redefined class name=org.springframework.aop.framework.Advised, count=1
Event: 182.509 Thread 0x05321c00 redefined class name=com.longfor.longjian.houseqm.domain.internalService.UserInHouseQmCheckTaskService, count=1
Event: 182.534 Thread 0x05321c00 redefined class name=com.longfor.longjian.houseqm.domain.internalService.impl.UserInHouseQmCheckTaskServiceImpl, count=2
Event: 182.575 Thread 0x05321c00 redefined class name=com.longfor.longjian.houseqm.domain.internalService.impl.UserInHouseQmCheckTaskServiceImpl$$EnhancerBySpringCGLIB$$6ce0a9d4, count=3
Event: 184.333 Thread 0x05321c00 redefined class name=com.longfor.longjian.houseqm.app.service.impl.CheckUpdateServiceImpl$$EnhancerBySpringCGLIB$$1883bdd, count=2
Event: 184.386 Thread 0x05321c00 redefined class name=com.longfor.longjian.houseqm.app.service.impl.CheckUpdateServiceImpl, count=2
Event: 184.445 Thread 0x05321c00 redefined class name=com.longfor.longjian.houseqm.app.service.ICheckUpdateService, count=1

Internal exceptions (10 events):
Event: 394.682 Thread 0x23956800 Exception <a 'java/lang/ArrayIndexOutOfBoundsException'> (0x171311e8) thrown at [C:\workspace\8-2-build-windows-i586-cygwin\jdk8u191\11896\hotspot\src\share\vm\runtime\sharedRuntime.cpp, line 605]
Event: 394.682 Thread 0x23956800 Exception <a 'java/lang/ArrayIndexOutOfBoundsException'> (0x171326d0) thrown at [C:\workspace\8-2-build-windows-i586-cygwin\jdk8u191\11896\hotspot\src\share\vm\runtime\sharedRuntime.cpp, line 605]
Event: 449.061 Thread 0x18e6c800 Exception <a 'java/lang/OutOfMemoryError'> (0x0cc3f628) thrown at [C:\workspace\8-2-build-windows-i586-cygwin\jdk8u191\11896\hotspot\src\share\vm\gc_interface/collectedHeap.inline.hpp, line 159]
Event: 450.446 Thread 0x23959800 Exception <a 'java/lang/OutOfMemoryError'> (0x0cc3f608) thrown at [C:\workspace\8-2-build-windows-i586-cygwin\jdk8u191\11896\hotspot\src\share\vm\gc_interface/collectedHeap.inline.hpp, line 159]
Event: 450.986 Thread 0x2395c400 Exception <a 'java/lang/OutOfMemoryError'> (0x0cc3f5e8) thrown at [C:\workspace\8-2-build-windows-i586-cygwin\jdk8u191\11896\hotspot\src\share\vm\gc_interface/collectedHeap.inline.hpp, line 159]
Event: 451.837 Thread 0x23956800 Exception <a 'java/lang/OutOfMemoryError'> (0x0cc3f5c8) thrown at [C:\workspace\8-2-build-windows-i586-cygwin\jdk8u191\11896\hotspot\src\share\vm\gc_interface/collectedHeap.inline.hpp, line 159]
Event: 453.981 Thread 0x1a1f8000 Exception <a 'java/lang/OutOfMemoryError'> (0x0cc275f0) thrown at [C:\workspace\8-2-build-windows-i586-cygwin\jdk8u191\11896\hotspot\src\share\vm\gc_interface/collectedHeap.inline.hpp, line 159]
Event: 456.921 Thread 0x18e6c800 Exception <a 'java/lang/OutOfMemoryError'> (0x0cc275f0) thrown at [C:\workspace\8-2-build-windows-i586-cygwin\jdk8u191\11896\hotspot\src\share\vm\gc_interface/collectedHeap.inline.hpp, line 159]
Event: 458.338 Thread 0x2395c400 Exception <a 'java/lang/OutOfMemoryError'> (0x0cc275f0) thrown at [C:\workspace\8-2-build-windows-i586-cygwin\jdk8u191\11896\hotspot\src\share\vm\gc_interface/collectedHeap.inline.hpp, line 159]
Event: 464.559 Thread 0x2395c400 Exception <a 'java/lang/ClassCircularityError': java/lang/Throwable$WrappedPrintStream> (0x0c2ceac8) thrown at [C:\workspace\8-2-build-windows-i586-cygwin\jdk8u191\11896\hotspot\src\share\vm\classfile\systemDictionary.cpp, line 781]

Events (10 events):
Event: 464.521 Thread 0x1a9de800 flushing nmethod 0x0613b988
Event: 464.521 Thread 0x1a9de800 flushing nmethod 0x0613be88
Event: 464.521 Thread 0x1a9de800 flushing nmethod 0x0614bd88
Event: 464.521 Thread 0x1a9de800 flushing nmethod 0x06152388
Event: 464.559 Thread 0x23956800 DEOPT PACKING pc=0x0569ef98 sp=0x2573c570
Event: 464.559 Thread 0x23956800 DEOPT UNPACKING pc=0x055fc5e5 sp=0x2573c400 mode 1
Event: 464.559 Thread 0x23956800 DEOPT PACKING pc=0x05ba4b44 sp=0x2573c5d0
Event: 464.559 Thread 0x23956800 DEOPT UNPACKING pc=0x055fc5e5 sp=0x2573c464 mode 1
Event: 464.559 Thread 0x23956800 DEOPT PACKING pc=0x0573ed4c sp=0x2573c650
Event: 464.559 Thread 0x23956800 DEOPT UNPACKING pc=0x055fc5e5 sp=0x2573c56c mode 1


Dynamic libraries:
0x00860000 - 0x00893000 	D:\software\workinstall\java\bin\java.exe
0x774d0000 - 0x7765c000 	C:\Windows\SYSTEM32\ntdll.dll
0x745f0000 - 0x746c0000 	C:\Windows\System32\KERNEL32.DLL
0x746c0000 - 0x74898000 	C:\Windows\System32\KERNELBASE.dll
0x716b0000 - 0x7174a000 	C:\Windows\SYSTEM32\apphelp.dll
0x743d0000 - 0x74448000 	C:\Windows\System32\ADVAPI32.dll
0x75b20000 - 0x75bdd000 	C:\Windows\System32\msvcrt.dll
0x75600000 - 0x75643000 	C:\Windows\System32\sechost.dll
0x75be0000 - 0x75c9e000 	C:\Windows\System32\RPCRT4.dll
0x73ef0000 - 0x73f10000 	C:\Windows\System32\SspiCli.dll
0x73ee0000 - 0x73eea000 	C:\Windows\System32\CRYPTBASE.dll
0x74590000 - 0x745e7000 	C:\Windows\System32\bcryptPrimitives.dll
0x77300000 - 0x77475000 	C:\Windows\System32\USER32.dll
0x75e30000 - 0x75e46000 	C:\Windows\System32\win32u.dll
0x75650000 - 0x75672000 	C:\Windows\System32\GDI32.dll
0x753f0000 - 0x7554f000 	C:\Windows\System32\gdi32full.dll
0x74250000 - 0x742cc000 	C:\Windows\System32\msvcp_win.dll
0x75ca0000 - 0x75db7000 	C:\Windows\System32\ucrtbase.dll
0x735b0000 - 0x737c1000 	C:\Windows\WinSxS\x86_microsoft.windows.common-controls_6595b64144ccf1df_6.0.16299.904_none_5d78158da7df044e\COMCTL32.dll
0x75870000 - 0x75ab5000 	C:\Windows\System32\combase.dll
0x74ea0000 - 0x74ec5000 	C:\Windows\System32\IMM32.DLL
0x50af0000 - 0x50baf000 	D:\software\workinstall\java\jre\bin\msvcr100.dll
0x50710000 - 0x50ae3000 	D:\software\workinstall\java\jre\bin\client\jvm.dll
0x744e0000 - 0x744e6000 	C:\Windows\System32\PSAPI.DLL
0x72ac0000 - 0x72ae4000 	C:\Windows\SYSTEM32\WINMM.dll
0x73ed0000 - 0x73ed8000 	C:\Windows\SYSTEM32\VERSION.dll
0x737d0000 - 0x737d8000 	C:\Windows\SYSTEM32\WSOCK32.dll
0x75dc0000 - 0x75e26000 	C:\Windows\System32\WS2_32.dll
0x72960000 - 0x72983000 	C:\Windows\SYSTEM32\WINMMBASE.dll
0x74550000 - 0x74588000 	C:\Windows\System32\cfgmgr32.dll
0x5c480000 - 0x5c48c000 	D:\software\workinstall\java\jre\bin\verify.dll
0x5c450000 - 0x5c472000 	D:\software\workinstall\java\jre\bin\java.dll
0x5b290000 - 0x5b2bb000 	D:\software\workinstall\java\jre\bin\jdwp.dll
0x5c4b0000 - 0x5c4b7000 	D:\software\workinstall\java\jre\bin\npt.dll
0x77760000 - 0x77793000 	C:\Users\admin\.IntelliJIdea2018.3\config\plugins\jr-ide-idea\lib\jrebel6\lib\jrebel32.dll
0x75fc0000 - 0x772f4000 	C:\Windows\System32\SHELL32.dll
0x75570000 - 0x755f8000 	C:\Windows\System32\shcore.dll
0x748a0000 - 0x74e64000 	C:\Windows\System32\windows.storage.dll
0x753a0000 - 0x753e5000 	C:\Windows\System32\shlwapi.dll
0x74e80000 - 0x74e8e000 	C:\Windows\System32\kernel.appcore.dll
0x74500000 - 0x74545000 	C:\Windows\System32\powrprof.dll
0x74230000 - 0x74244000 	C:\Windows\System32\profapi.dll
0x6d770000 - 0x6d790000 	D:\software\workinstall\java\jre\bin\instrument.dll
0x5c430000 - 0x5c444000 	D:\software\workinstall\java\jre\bin\zip.dll
0x5c490000 - 0x5c498000 	D:\software\workinstall\java\jre\bin\dt_socket.dll
0x72510000 - 0x725d6000 	C:\Windows\System32\ierd_tgp_lsp.dll
0x742d0000 - 0x743c7000 	C:\Windows\System32\ole32.dll
0x72e30000 - 0x72e85000 	C:\Windows\system32\mswsock.dll
0x72500000 - 0x72508000 	C:\Windows\system32\wshqos.dll
0x724f0000 - 0x724f7000 	C:\Windows\SYSTEM32\wshtcpip.DLL
0x724e0000 - 0x724e7000 	C:\Windows\SYSTEM32\wship6.dll
0x64c70000 - 0x64c7a000 	D:\software\workinstall\java\jre\bin\management.dll
0x5b270000 - 0x5b285000 	D:\software\workinstall\java\jre\bin\net.dll
0x5b260000 - 0x5b26f000 	D:\software\workinstall\java\jre\bin\nio.dll
0x70710000 - 0x70730000 	D:\software\workinstall\java\jre\bin\sunec.dll
0x19660000 - 0x19676000 	C:\Users\admin\AppData\Local\Temp\jrebel-temp\ver-6115c254\IdeaWin32.dll
0x70f60000 - 0x70f69000 	D:\software\workinstall\java\jre\bin\sunmscapi.dll
0x75680000 - 0x75802000 	C:\Windows\System32\CRYPT32.dll
0x74e70000 - 0x74e7e000 	C:\Windows\System32\MSASN1.dll
0x73510000 - 0x73540000 	C:\Windows\SYSTEM32\IPHLPAPI.DLL
0x744f0000 - 0x744f7000 	C:\Windows\System32\NSI.dll
0x72270000 - 0x72283000 	C:\Windows\SYSTEM32\dhcpcsvc6.DLL
0x725e0000 - 0x725f4000 	C:\Windows\SYSTEM32\dhcpcsvc.DLL
0x73eb0000 - 0x73ec3000 	C:\Windows\SYSTEM32\CRYPTSP.dll
0x73e80000 - 0x73eaf000 	C:\Windows\system32\rsaenh.dll
0x73e60000 - 0x73e79000 	C:\Windows\SYSTEM32\bcrypt.dll
0x737e0000 - 0x73802000 	C:\Windows\SYSTEM32\USERENV.dll
0x731c0000 - 0x731d1000 	C:\Windows\system32\napinsp.dll
0x731a0000 - 0x731b6000 	C:\Windows\system32\pnrpnsp.dll
0x72ee0000 - 0x72ef3000 	C:\Windows\system32\NLAapi.dll
0x72b70000 - 0x72c04000 	C:\Windows\SYSTEM32\DNSAPI.dll
0x72990000 - 0x7299c000 	C:\Windows\System32\winrnr.dll
0x72950000 - 0x72960000 	C:\Windows\System32\wshbth.dll
0x724d0000 - 0x724d8000 	C:\Windows\System32\rasadhlp.dll
0x72480000 - 0x724ce000 	C:\Windows\System32\fwpuclnt.dll
0x72c10000 - 0x72d91000 	C:\Windows\SYSTEM32\dbghelp.dll

VM Arguments:
jvm_args: -agentlib:jdwp=transport=dt_socket,address=127.0.0.1:59293,suspend=y,server=n -Drebel.base=C:\Users\admin\.jrebel -Drebel.env.ide.plugin.version=2018.2.4 -Drebel.env.ide.version=2018.3.2 -Drebel.env.ide.product=IU -Drebel.env.ide=intellij -agentpath:C:\Users\admin\.IntelliJIdea2018.3\config\plugins\jr-ide-idea\lib\jrebel6\lib\jrebel32.dll -XX:TieredStopAtLevel=1 -Xverify:none -Dspring.output.ansi.enabled=always -Dcom.sun.management.jmxremote -Dcom.sun.management.jmxremote.port=59289 -Dcom.sun.management.jmxremote.authenticate=false -Dcom.sun.management.jmxremote.ssl=false -Djava.rmi.server.hostname=localhost -Dspring.liveBeansView.mbeanDomain -Dspring.application.admin.enabled=true -javaagent:C:\Users\admin\.IntelliJIdea2018.3\system\captureAgent\debugger-agent.jar -Dfile.encoding=UTF-8 
java_command: com.longfor.longjian.houseqm.Application
java_class_path (initial): D:\software\workinstall\java\jre\lib\charsets.jar;D:\software\workinstall\java\jre\lib\deploy.jar;D:\software\workinstall\java\jre\lib\ext\access-bridge-32.jar;D:\software\workinstall\java\jre\lib\ext\cldrdata.jar;D:\software\workinstall\java\jre\lib\ext\dnsns.jar;D:\software\workinstall\java\jre\lib\ext\jaccess.jar;D:\software\workinstall\java\jre\lib\ext\jfxrt.jar;D:\software\workinstall\java\jre\lib\ext\localedata.jar;D:\software\workinstall\java\jre\lib\ext\nashorn.jar;D:\software\workinstall\java\jre\lib\ext\sunec.jar;D:\software\workinstall\java\jre\lib\ext\sunjce_provider.jar;D:\software\workinstall\java\jre\lib\ext\sunmscapi.jar;D:\software\workinstall\java\jre\lib\ext\sunpkcs11.jar;D:\software\workinstall\java\jre\lib\ext\zipfs.jar;D:\software\workinstall\java\jre\lib\javaws.jar;D:\software\workinstall\java\jre\lib\jce.jar;D:\software\workinstall\java\jre\lib\jfr.jar;D:\software\workinstall\java\jre\lib\jfxswt.jar;D:\software\workinstall\java\jre\lib\jsse.jar;D:\software\workinstall\java\jre\lib\management-agent.jar;D:\software\workinstall\java\jre\lib\plugin.jar;D:\software\workinstall\java\jre\lib\resources.jar;D:\software\workinstall\java\jre\lib\rt.jar;D:\longfor\workcode\idea\longjian-houseqm-server\longjian-houseqm-app\target\classes;D:\software\workinstall\apache-maven-3.3.9\resp\org\projectlombok\lombok\1.18.2\lombok-1.18.2.jar;D:\longfor\workcode\idea\longjian-houseqm-server\longjian-houseqm-domain\target\classes;D:\software\workinstall\apache-maven-3.3.9\resp\com\longfor\gaia\gfs\gaia-gfs-apollo-client\1.1.1\gaia-gfs-apollo-client-1.1.1.jar;D:\software\workinstall\apache-maven-3.3.9\resp\com\longfor\gaia\gfs\gaia-gfs-rsa\1.0.2\gaia-gfs-rsa-1.0.2.jar;D:\software\workinstall\apache-maven-3.3.9\resp\org\bouncycastle\bcpkix-jdk15on\1.60\bcpkix-jdk15on-1.60.jar;D:\software\workinstall\apache-maven-3.3.9\resp\org\bouncycastle\bcprov-jdk15on\1.60\bcprov-jdk15on-1.60.jar;D:\software\workinstall\apache-maven-3.3.9\resp\com\ctri
Launcher Type: SUN_STANDARD

Environment Variables:
PATH=C:\Program Files (x86)\Common Files\Oracle\Java\javapath;C:\Windows\system32;C:\Windows;C:\Windows\System32\Wbem;C:\Windows\System32\WindowsPowerShell\v1.0\;D:\software\workinstall\Git\cmd;C:\Program Files (x86)\MySQL\MySQL Server 5.0\bin;D:\software\workinstall\java\bin;D:\software\workinstall\apache-maven-3.3.9\apache-maven-3.3.9\bin;C:\Go\bin;C:\Users\admin\AppData\Local\Microsoft\WindowsApps;C:\Users\admin\go\bin
USERNAME=admin
OS=Windows_NT
PROCESSOR_IDENTIFIER=Intel64 Family 6 Model 142 Stepping 10, GenuineIntel



---------------  S Y S T E M  ---------------

OS: Windows 10.0 , 64 bit Build 16299 (10.0.16299.431)

CPU:total 8 (initial active 8) (4 cores per cpu, 2 threads per core) family 6 model 142 stepping 10, cmov, cx8, fxsr, mmx, sse, sse2, sse3, ssse3, sse4.1, sse4.2, popcnt, avx, avx2, aes, clmul, erms, 3dnowpref, lzcnt, ht, tsc, tscinvbit, bmi1, bmi2, adx

Memory: 4k page, physical 8232152k(1059452k free), swap 15386076k(2182416k free)

vm_info: Java HotSpot(TM) Client VM (25.191-b12) for windows-x86 JRE (1.8.0_191-b12), built on Oct  6 2018 08:34:23 by "java_re" with MS VC++ 10.0 (VS2010)

time: Wed Jan 16 17:09:35 2019
elapsed time: 464 seconds (0d 0h 7m 44s)

