#
# A fatal error has been detected by the Java Runtime Environment:
#
#  EXCEPTION_ACCESS_VIOLATION (0xc0000005) at pc=0x5109757e, pid=12464, tid=0x00003960
#
# JRE version: Java(TM) SE Runtime Environment (8.0_191-b12) (build 1.8.0_191-b12)
# Java VM: Java HotSpot(TM) Client VM (25.191-b12 mixed mode windows-x86 )
# Problematic frame:
# V  [jvm.dll+0xe757e]
#
# Failed to write core dump. Minidumps are not enabled by default on client versions of Windows
#
# If you would like to submit a bug report, please visit:
#   http://bugreport.java.com/bugreport/crash.jsp
#

---------------  T H R E A D  ---------------

Current thread (0x082cdc00):  JavaThread "commons-pool-evictor-thread" [_thread_in_vm, id=14688, stack(0x22890000,0x228e0000)]

siginfo: ExceptionCode=0xc0000005, reading address 0x00000000

Registers:
EAX=0x00000000, EBX=0x095bfdb4, ECX=0x00000000, EDX=0x20cb208c
ESP=0x228de6f8, EBP=0x228de714, ESI=0x00000000, EDI=0x082cdc00
EIP=0x5109757e, EFLAGS=0x00010246

Top of Stack: (sp=0x228de6f8)
0x228de6f8:   21b7bba0 00000000 095bfdb4 082cdc00
0x228de708:   00000000 095bfdb4 1fdffd68 082cdd40
0x228de718:   0fc23842 082cdd40 00000000 00000000
0x228de728:   000003fa 21b7b788 04c68730 228de810
0x228de738:   00000000 0fc237c8 04c68730 082cdd40
0x228de748:   00000000 00000000 00000000 095bfdb4
0x228de758:   00000000 000003fa 21b7b788 228de80c
0x228de768:   228de810 00000000 228de83c 228de814 

Instructions: (pc=0x5109757e)
0x5109755e:   c4 08 83 7f 04 00 89 7d f0 c7 45 f4 00 00 00 00
0x5109756e:   74 08 8d 4d f0 e8 e8 34 0c 00 8b 75 10 8b 45 0c
0x5109757e:   8b 10 85 f6 78 32 8b 45 14 85 c0 78 2b 8d 0c 06
0x5109758e:   3b 4a 08 77 23 85 c0 7e 3b 8b 4a 04 8b 49 04 83 


Register to memory mapping:

EAX=0x00000000 is an unknown value
EBX=0x095bfdb4 is an unknown value
ECX=0x00000000 is an unknown value
EDX=0x20cb208c is an unknown value
ESP=0x228de6f8 is pointing into the stack for thread: 0x082cdc00
EBP=0x228de714 is pointing into the stack for thread: 0x082cdc00
ESI=0x00000000 is an unknown value
EDI=0x082cdc00 is a thread


Stack: [0x22890000,0x228e0000],  sp=0x228de6f8,  free space=313k
Native frames: (J=compiled Java code, j=interpreted, Vv=VM code, C=native code)
V  [jvm.dll+0xe757e]
C  [jrebel32.dll+0x3842]

Java frames: (J=compiled Java code, j=interpreted, Vv=VM code)
j  java.lang.Throwable.printStackTrace(Ljava/io/PrintStream;)V+5
j  org.apache.commons.pool2.impl.BaseGenericObjectPool$Evictor.run()V+91
j  java.util.concurrent.Executors$RunnableAdapter.call()Ljava/lang/Object;+4
j  java.util.concurrent.FutureTask.runAndReset()Z+51
j  java.util.concurrent.ScheduledThreadPoolExecutor$ScheduledFutureTask.access$301(Ljava/util/concurrent/ScheduledThreadPoolExecutor$ScheduledFutureTask;)Z+1
j  java.util.concurrent.ScheduledThreadPoolExecutor$ScheduledFutureTask.run()V+41
j  java.util.concurrent.ThreadPoolExecutor.runWorker(Ljava/util/concurrent/ThreadPoolExecutor$Worker;)V+95
j  java.util.concurrent.ThreadPoolExecutor$Worker.run()V+5
j  java.lang.Thread.run()V+15
v  ~StubRoutines::call_stub

---------------  P R O C E S S  ---------------

Java Threads: ( => current thread )
  0x20dd9000 JavaThread "RMI TCP Connection(idle)" daemon [_thread_blocked, id=6272, stack(0x25950000,0x259a0000)]
  0x07fac000 JavaThread "RMI TCP Connection(idle)" daemon [_thread_blocked, id=4904, stack(0x25830000,0x25880000)]
  0x07fa3c00 JavaThread "RMI TCP Connection(idle)" daemon [_thread_blocked, id=15868, stack(0x25710000,0x25760000)]
  0x07fa9400 JavaThread "DestroyJavaVM" [_thread_blocked, id=13404, stack(0x04bc0000,0x04c10000)]
  0x07fa9000 JavaThread "http-nio-8081-AsyncTimeout" daemon [_thread_blocked, id=16120, stack(0x25680000,0x256d0000)]
  0x07fa7000 JavaThread "http-nio-8081-Acceptor-0" daemon [_thread_in_native, id=6100, stack(0x255f0000,0x25640000)]
  0x07fa4800 JavaThread "http-nio-8081-ClientPoller-1" daemon [_thread_blocked, id=12912, stack(0x25560000,0x255b0000)]
  0x07fa5c00 JavaThread "http-nio-8081-ClientPoller-0" daemon [_thread_blocked, id=1056, stack(0x254d0000,0x25520000)]
  0x07fa6800 JavaThread "http-nio-8081-exec-10" daemon [_thread_blocked, id=11016, stack(0x25440000,0x25490000)]
  0x07fa5400 JavaThread "http-nio-8081-exec-9" daemon [_thread_blocked, id=10824, stack(0x253b0000,0x25400000)]
  0x07faa800 JavaThread "http-nio-8081-exec-8" daemon [_thread_blocked, id=1352, stack(0x25320000,0x25370000)]
  0x07fa8800 JavaThread "http-nio-8081-exec-7" daemon [_thread_blocked, id=10564, stack(0x25290000,0x252e0000)]
  0x07fa4400 JavaThread "http-nio-8081-exec-6" daemon [_thread_blocked, id=10544, stack(0x25200000,0x25250000)]
  0x07faa000 JavaThread "http-nio-8081-exec-5" daemon [_thread_blocked, id=10976, stack(0x25170000,0x251c0000)]
  0x07fa8000 JavaThread "http-nio-8081-exec-4" daemon [_thread_blocked, id=15100, stack(0x250e0000,0x25130000)]
  0x07fa5000 JavaThread "http-nio-8081-exec-3" daemon [_thread_blocked, id=16344, stack(0x25050000,0x250a0000)]
  0x07fa7c00 JavaThread "http-nio-8081-exec-2" daemon [_thread_blocked, id=16048, stack(0x24fc0000,0x25010000)]
  0x07fab400 JavaThread "http-nio-8081-exec-1" daemon [_thread_blocked, id=15724, stack(0x24f30000,0x24f80000)]
  0x07faac00 JavaThread "NioBlockingSelector.BlockPoller-2" daemon [_thread_in_native, id=10956, stack(0x24ea0000,0x24ef0000)]
  0x07fa1000 JavaThread "http-nio-9981-AsyncTimeout" daemon [_thread_blocked, id=15676, stack(0x24c10000,0x24c60000)]
  0x07fa0400 JavaThread "http-nio-9981-Acceptor-0" daemon [_thread_in_native, id=13432, stack(0x24b80000,0x24bd0000)]
  0x07fa0c00 JavaThread "http-nio-9981-ClientPoller-1" daemon [_thread_blocked, id=12800, stack(0x24af0000,0x24b40000)]
  0x07fae800 JavaThread "http-nio-9981-ClientPoller-0" daemon [_thread_blocked, id=16208, stack(0x24a60000,0x24ab0000)]
  0x07fad800 JavaThread "http-nio-9981-exec-10" daemon [_thread_blocked, id=7472, stack(0x249d0000,0x24a20000)]
  0x07fad400 JavaThread "http-nio-9981-exec-9" daemon [_thread_blocked, id=696, stack(0x24940000,0x24990000)]
  0x07fae000 JavaThread "http-nio-9981-exec-8" daemon [_thread_blocked, id=7280, stack(0x248b0000,0x24900000)]
  0x07fac800 JavaThread "http-nio-9981-exec-7" daemon [_thread_blocked, id=7556, stack(0x24820000,0x24870000)]
  0x07faec00 JavaThread "http-nio-9981-exec-6" daemon [_thread_blocked, id=9500, stack(0x24790000,0x247e0000)]
  0x07facc00 JavaThread "http-nio-9981-exec-5" daemon [_thread_blocked, id=2588, stack(0x24700000,0x24750000)]
  0x07faf400 JavaThread "http-nio-9981-exec-4" daemon [_thread_blocked, id=15852, stack(0x24670000,0x246c0000)]
  0x20251800 JavaThread "http-nio-9981-exec-3" daemon [_thread_blocked, id=6956, stack(0x245e0000,0x24630000)]
  0x23128000 JavaThread "http-nio-9981-exec-2" daemon [_thread_blocked, id=7096, stack(0x24550000,0x245a0000)]
  0x23127800 JavaThread "http-nio-9981-exec-1" daemon [_thread_blocked, id=16168, stack(0x244c0000,0x24510000)]
  0x23126c00 JavaThread "NioBlockingSelector.BlockPoller-1" daemon [_thread_blocked, id=11344, stack(0x24430000,0x24480000)]
  0x23126800 JavaThread "container-1" [_thread_blocked, id=4604, stack(0x243a0000,0x243f0000)]
  0x23126000 JavaThread "ContainerBackgroundProcessor[StandardEngine[Tomcat-1]]" daemon [_thread_blocked, id=8460, stack(0x24310000,0x24360000)]
  0x23124000 JavaThread "spring.cloud.inetutils" daemon [_thread_blocked, id=3556, stack(0x22200000,0x22250000)]
=>0x082cdc00 JavaThread "commons-pool-evictor-thread" [_thread_in_vm, id=14688, stack(0x22890000,0x228e0000)]
  0x082d2400 JavaThread "Druid-ConnectionPool-Destroy-7207218" daemon [_thread_blocked, id=15648, stack(0x22170000,0x221c0000)]
  0x082d1800 JavaThread "Druid-ConnectionPool-Create-7207218" daemon [_thread_blocked, id=15576, stack(0x220e0000,0x22130000)]
  0x082d2000 JavaThread "Druid-ConnectionPool-Destroy-3630177" daemon [_thread_blocked, id=13996, stack(0x22050000,0x220a0000)]
  0x082d2c00 JavaThread "Druid-ConnectionPool-Create-3630177" daemon [_thread_blocked, id=14108, stack(0x21fc0000,0x22010000)]
  0x20c6b400 JavaThread "Druid-ConnectionPool-Destroy-26490951" daemon [_thread_blocked, id=13576, stack(0x21f30000,0x21f80000)]
  0x20c6a000 JavaThread "Druid-ConnectionPool-Create-26490951" daemon [_thread_blocked, id=9576, stack(0x21ea0000,0x21ef0000)]
  0x20c69000 JavaThread "Druid-ConnectionPool-Destroy-5502876" daemon [_thread_blocked, id=13744, stack(0x0fd70000,0x0fdc0000)]
  0x20c69c00 JavaThread "Druid-ConnectionPool-Create-5502876" daemon [_thread_blocked, id=15392, stack(0x0fca0000,0x0fcf0000)]
  0x20c65800 JavaThread "Druid-ConnectionPool-Destroy-5469900" daemon [_thread_blocked, id=13288, stack(0x0fab0000,0x0fb00000)]
  0x20c67400 JavaThread "Druid-ConnectionPool-Create-5469900" daemon [_thread_blocked, id=16300, stack(0x0fa20000,0x0fa70000)]
  0x20c6b000 JavaThread "Abandoned connection cleanup thread" daemon [_thread_blocked, id=15596, stack(0x0f790000,0x0f7e0000)]
  0x20c65000 JavaThread "container-0" [_thread_blocked, id=100, stack(0x0f600000,0x0f650000)]
  0x20c68400 JavaThread "ContainerBackgroundProcessor[StandardEngine[Tomcat]]" daemon [_thread_blocked, id=9896, stack(0x0f550000,0x0f5a0000)]
  0x2024e400 JavaThread "metrics-logger-reporter-1-thread-1" daemon [_thread_blocked, id=8812, stack(0x0e6a0000,0x0e6f0000)]
  0x0d823c00 JavaThread "rebel/pool-1-thread-1" daemon [_thread_blocked, id=7972, stack(0x0ce40000,0x0ce90000)]
  0x0d824c00 JavaThread "AsyncAppender-Worker-KAFKA_ASYNC" daemon [_thread_blocked, id=12040, stack(0x0c510000,0x0c560000)]
  0x0b07ac00 JavaThread "AsyncAppender-Worker-KAFKA_ASYNC" daemon [_thread_blocked, id=4268, stack(0x0c5a0000,0x0c5f0000)]
  0x099dc800 JavaThread "RMI Scheduler(0)" daemon [_thread_blocked, id=12712, stack(0x0c480000,0x0c4d0000)]
  0x099e0800 JavaThread "RMI TCP Connection(idle)" daemon [_thread_blocked, id=3708, stack(0x0c3f0000,0x0c440000)]
  0x099dc400 JavaThread "RMI TCP Accept-0" daemon [_thread_in_native, id=6124, stack(0x0c2d0000,0x0c320000)]
  0x099da400 JavaThread "RMI TCP Accept-55793" daemon [_thread_in_native, id=15948, stack(0x0c240000,0x0c290000)]
  0x099db000 JavaThread "RMI TCP Accept-0" daemon [_thread_in_native, id=9952, stack(0x0c0b0000,0x0c100000)]
  0x099dfc00 JavaThread "Service Thread" daemon [_thread_blocked, id=9028, stack(0x0ac40000,0x0ac90000)]
  0x09e0e000 JavaThread "C1 CompilerThread0" daemon [_thread_blocked, id=11900, stack(0x0abb0000,0x0ac00000)]
  0x099d9c00 JavaThread "Monitor Ctrl-Break" daemon [_thread_in_native, id=14796, stack(0x0ab20000,0x0ab70000)]
  0x099e0000 JavaThread "rebel-change-detector-thread" daemon [_thread_blocked, id=14876, stack(0x0aa90000,0x0aae0000)]
  0x099dbc00 JavaThread "rebel-debugger-thread" daemon [_thread_blocked, id=8156, stack(0x0aa00000,0x0aa50000)]
  0x099da800 JavaThread "rebel-debugger-attach-notifier" daemon [_thread_blocked, id=13228, stack(0x0a970000,0x0a9c0000)]
  0x099de000 JavaThread "rebel-heartbeat-thread" daemon [_thread_blocked, id=13992, stack(0x0a8e0000,0x0a930000)]
  0x099dd400 JavaThread "rebel-redeploy-thread" daemon [_thread_blocked, id=8880, stack(0x0a850000,0x0a8a0000)]
  0x099ddc00 JavaThread "rebel-weak-reaper" daemon [_thread_blocked, id=16200, stack(0x0a430000,0x0a480000)]
  0x085b1800 JavaThread "rebel-leaseManager-1" daemon [_thread_blocked, id=16112, stack(0x0a3a0000,0x0a3f0000)]
  0x085b1000 JavaThread "rebel-IDENotificationsImpl-PostCycle" daemon [_thread_blocked, id=14756, stack(0x0a310000,0x0a360000)]
  0x085b0c00 JavaThread "rebel-messaging-executor-29" daemon [_thread_blocked, id=10048, stack(0x08f70000,0x08fc0000)]
  0x085af800 JavaThread "rebel-cache-writer" daemon [_thread_blocked, id=6492, stack(0x086f0000,0x08740000)]
  0x085af400 JavaThread "rebel-fsnotify-OutputReader" daemon [_thread_blocked, id=2556, stack(0x08de0000,0x08e30000)]
  0x085b2400 JavaThread "rebel-fsnotify-OutputReader" daemon [_thread_blocked, id=12720, stack(0x08d50000,0x08da0000)]
  0x085b0400 JavaThread "rebel-fsnotify-ShutdownOnTermination" daemon [_thread_in_native, id=15980, stack(0x08cc0000,0x08d10000)]
  0x08558400 JavaThread "rebel-CacheKeepAlive" daemon [_thread_blocked, id=6900, stack(0x08b30000,0x08b80000)]
  0x08301400 JavaThread "rebel-logger" daemon [_thread_blocked, id=12152, stack(0x08660000,0x086b0000)]
  0x0759f400 JavaThread "Attach Listener" daemon [_thread_blocked, id=7968, stack(0x079d0000,0x07a20000)]
  0x0759e800 JavaThread "Signal Dispatcher" daemon [_thread_blocked, id=10456, stack(0x07940000,0x07990000)]
  0x04d3ac00 JavaThread "Finalizer" daemon [_thread_blocked, id=1264, stack(0x07850000,0x078a0000)]
  0x04d36000 JavaThread "Reference Handler" daemon [_thread_blocked, id=10508, stack(0x077c0000,0x07810000)]

Other Threads:
  0x04d31800 VMThread [stack: 0x07730000,0x07780000] [id=11492]
  0x0b00c400 WatcherThread [stack: 0x0c360000,0x0c3b0000] [id=15776]

VM state:synchronizing (normal execution)

VM Mutex/Monitor currently owned by a thread:  ([mutex/lock_event])
[0x04c79ca0] Threads_lock - owner thread: 0x04d31800
[0x04c79b68] Heap_lock - owner thread: 0x099dd400

Heap:
 def new generation   total 78656K, used 78655K [0x0fe00000, 0x15350000, 0x15350000)
  eden space 69952K, 100% used [0x0fe00000, 0x14250000, 0x14250000)
  from space 8704K,  99% used [0x14ad0000, 0x1534fff8, 0x15350000)
  to   space 8704K,   0% used [0x14250000, 0x14250000, 0x14ad0000)
 tenured generation   total 174784K, used 174784K [0x15350000, 0x1fe00000, 0x1fe00000)
   the space 174784K, 100% used [0x15350000, 0x1fe00000, 0x1fe00000, 0x1fe00000)
 Metaspace       used 70705K, capacity 71891K, committed 72576K, reserved 73088K

Card table byte_map: [0x07000000,0x07090000] byte_map_base: 0x06f81000

Polling page: 0x04c10000

CodeCache: size=32768Kb used=10995Kb max_used=11652Kb free=21772Kb
 bounds [0x05000000, 0x05b88000, 0x07000000]
 total_blobs=7407 nmethods=7154 adapters=183
 compilation: enabled

Compilation events (10 events):
Event: 58.098 Thread 0x09e0e000 15687             com.zeroturnaround.jrebelbase.facade.i::getFieldOrigin (2 bytes)
Event: 58.098 Thread 0x09e0e000 nmethod 15687 0x055477c8 code [0x055478c0, 0x05547930]
Event: 58.098 Thread 0x09e0e000 15688             com.mysql.jdbc.BufferRow::<init> (66 bytes)
Event: 58.098 Thread 0x09e0e000 nmethod 15688 0x05539708 code [0x05539810, 0x0553990c]
Event: 58.098 Thread 0x09e0e000 15689             com.mysql.jdbc.BufferRow::setMetadata (51 bytes)
Event: 58.099 Thread 0x09e0e000 nmethod 15689 0x055394c8 code [0x055395c0, 0x0553967c]
Event: 58.099 Thread 0x09e0e000 15690             com.mysql.jdbc.BufferRow::_jr$ig$isBinaryEncoded (16 bytes)
Event: 58.099 Thread 0x09e0e000 nmethod 15690 0x05567488 code [0x05567580, 0x05567640]
Event: 74.681 Thread 0x09e0e000 15691   !         java.util.concurrent.ConcurrentHashMap::transfer (856 bytes)
Event: 75.306 Thread 0x09e0e000 nmethod 15691 0x05526008 code [0x055261e0, 0x0552730c]

GC Heap History (10 events):
Event: 101.529 GC heap before
{Heap before GC invocations=339 (full 127):
 def new generation   total 78656K, used 78655K [0x0fe00000, 0x15350000, 0x15350000)
  eden space 69952K, 100% used [0x0fe00000, 0x14250000, 0x14250000)
  from space 8704K,  99% used [0x14ad0000, 0x1534fff8, 0x15350000)
  to   space 8704K,   0% used [0x14250000, 0x14250000, 0x14ad0000)
 tenured generation   total 174784K, used 174783K [0x15350000, 0x1fe00000, 0x1fe00000)
   the space 174784K,  99% used [0x15350000, 0x1fdffff8, 0x1fe00000, 0x1fe00000)
 Metaspace       used 70705K, capacity 71891K, committed 72576K, reserved 73088K
Event: 101.846 GC heap after
Heap after GC invocations=340 (full 128):
 def new generation   total 78656K, used 78655K [0x0fe00000, 0x15350000, 0x15350000)
  eden space 69952K, 100% used [0x0fe00000, 0x14250000, 0x14250000)
  from space 8704K,  99% used [0x14ad0000, 0x1534fff8, 0x15350000)
  to   space 8704K,   0% used [0x14250000, 0x14250000, 0x14ad0000)
 tenured generation   total 174784K, used 174783K [0x15350000, 0x1fe00000, 0x1fe00000)
   the space 174784K,  99% used [0x15350000, 0x1fdffe00, 0x1fdffe00, 0x1fe00000)
 Metaspace       used 70705K, capacity 71891K, committed 72576K, reserved 73088K
}
Event: 101.847 GC heap before
{Heap before GC invocations=340 (full 128):
 def new generation   total 78656K, used 78655K [0x0fe00000, 0x15350000, 0x15350000)
  eden space 69952K, 100% used [0x0fe00000, 0x14250000, 0x14250000)
  from space 8704K,  99% used [0x14ad0000, 0x1534fff8, 0x15350000)
  to   space 8704K,   0% used [0x14250000, 0x14250000, 0x14ad0000)
 tenured generation   total 174784K, used 174783K [0x15350000, 0x1fe00000, 0x1fe00000)
   the space 174784K,  99% used [0x15350000, 0x1fdfffd0, 0x1fe00000, 0x1fe00000)
 Metaspace       used 70705K, capacity 71891K, committed 72576K, reserved 73088K
Event: 102.124 GC heap after
Heap after GC invocations=341 (full 129):
 def new generation   total 78656K, used 78655K [0x0fe00000, 0x15350000, 0x15350000)
  eden space 69952K, 100% used [0x0fe00000, 0x14250000, 0x14250000)
  from space 8704K,  99% used [0x14ad0000, 0x1534ffe0, 0x15350000)
  to   space 8704K,   0% used [0x14250000, 0x14250000, 0x14ad0000)
 tenured generation   total 174784K, used 174783K [0x15350000, 0x1fe00000, 0x1fe00000)
   the space 174784K,  99% used [0x15350000, 0x1fdfffd0, 0x1fe00000, 0x1fe00000)
 Metaspace       used 70705K, capacity 71891K, committed 72576K, reserved 73088K
}
Event: 102.124 GC heap before
{Heap before GC invocations=341 (full 129):
 def new generation   total 78656K, used 78655K [0x0fe00000, 0x15350000, 0x15350000)
  eden space 69952K, 100% used [0x0fe00000, 0x14250000, 0x14250000)
  from space 8704K,  99% used [0x14ad0000, 0x1534ffe0, 0x15350000)
  to   space 8704K,   0% used [0x14250000, 0x14250000, 0x14ad0000)
 tenured generation   total 174784K, used 174783K [0x15350000, 0x1fe00000, 0x1fe00000)
   the space 174784K,  99% used [0x15350000, 0x1fdfffd0, 0x1fe00000, 0x1fe00000)
 Metaspace       used 70705K, capacity 71891K, committed 72576K, reserved 73088K
Event: 102.409 GC heap after
Heap after GC invocations=342 (full 130):
 def new generation   total 78656K, used 78655K [0x0fe00000, 0x15350000, 0x15350000)
  eden space 69952K, 100% used [0x0fe00000, 0x14250000, 0x14250000)
  from space 8704K,  99% used [0x14ad0000, 0x1534ffe0, 0x15350000)
  to   space 8704K,   0% used [0x14250000, 0x14250000, 0x14ad0000)
 tenured generation   total 174784K, used 174783K [0x15350000, 0x1fe00000, 0x1fe00000)
   the space 174784K,  99% used [0x15350000, 0x1fdfffa0, 0x1fe00000, 0x1fe00000)
 Metaspace       used 70705K, capacity 71891K, committed 72576K, reserved 73088K
}
Event: 102.410 GC heap before
{Heap before GC invocations=342 (full 130):
 def new generation   total 78656K, used 78655K [0x0fe00000, 0x15350000, 0x15350000)
  eden space 69952K, 100% used [0x0fe00000, 0x14250000, 0x14250000)
  from space 8704K,  99% used [0x14ad0000, 0x1534fff8, 0x15350000)
  to   space 8704K,   0% used [0x14250000, 0x14250000, 0x14ad0000)
 tenured generation   total 174784K, used 174783K [0x15350000, 0x1fe00000, 0x1fe00000)
   the space 174784K,  99% used [0x15350000, 0x1fdffff0, 0x1fe00000, 0x1fe00000)
 Metaspace       used 70705K, capacity 71891K, committed 72576K, reserved 73088K
Event: 102.690 GC heap after
Heap after GC invocations=343 (full 131):
 def new generation   total 78656K, used 78655K [0x0fe00000, 0x15350000, 0x15350000)
  eden space 69952K, 100% used [0x0fe00000, 0x14250000, 0x14250000)
  from space 8704K,  99% used [0x14ad0000, 0x1534ffc0, 0x15350000)
  to   space 8704K,   0% used [0x14250000, 0x14250000, 0x14ad0000)
 tenured generation   total 174784K, used 174783K [0x15350000, 0x1fe00000, 0x1fe00000)
   the space 174784K,  99% used [0x15350000, 0x1fdffff0, 0x1fe00000, 0x1fe00000)
 Metaspace       used 70705K, capacity 71891K, committed 72576K, reserved 73088K
}
Event: 102.690 GC heap before
{Heap before GC invocations=343 (full 131):
 def new generation   total 78656K, used 78656K [0x0fe00000, 0x15350000, 0x15350000)
  eden space 69952K, 100% used [0x0fe00000, 0x14250000, 0x14250000)
  from space 8704K, 100% used [0x14ad0000, 0x15350000, 0x15350000)
  to   space 8704K,   0% used [0x14250000, 0x14250000, 0x14ad0000)
 tenured generation   total 174784K, used 174784K [0x15350000, 0x1fe00000, 0x1fe00000)
   the space 174784K, 100% used [0x15350000, 0x1fe00000, 0x1fe00000, 0x1fe00000)
 Metaspace       used 70705K, capacity 71891K, committed 72576K, reserved 73088K
Event: 103.016 GC heap after
Heap after GC invocations=344 (full 132):
 def new generation   total 78656K, used 78655K [0x0fe00000, 0x15350000, 0x15350000)
  eden space 69952K, 100% used [0x0fe00000, 0x14250000, 0x14250000)
  from space 8704K,  99% used [0x14ad0000, 0x1534ffd8, 0x15350000)
  to   space 8704K,   0% used [0x14250000, 0x14250000, 0x14ad0000)
 tenured generation   total 174784K, used 174783K [0x15350000, 0x1fe00000, 0x1fe00000)
   the space 174784K,  99% used [0x15350000, 0x1fdfffe8, 0x1fe00000, 0x1fe00000)
 Metaspace       used 70705K, capacity 71891K, committed 72576K, reserved 73088K
}

Deoptimization events (0 events):
No events

Classes redefined (7 events):
Event: 1.700 Thread 0x04d31800 redefined class name=com.zeroturnaround.jrebelbase.facade.au, count=1
Event: 1.702 Thread 0x04d31800 redefined class name=com.zeroturnaround.jrebelbase.facade.ao, count=1
Event: 1.707 Thread 0x04d31800 redefined class name=com.zeroturnaround.jrebelbase.facade.a, count=1
Event: 1.713 Thread 0x04d31800 redefined class name=com.zeroturnaround.jrebelbase.h, count=1
Event: 1.717 Thread 0x04d31800 redefined class name=com.zeroturnaround.jrebelbase.facade.h, count=1
Event: 1.720 Thread 0x04d31800 redefined class name=com.zeroturnaround.jrebelbase.facade.g, count=1
Event: 1.723 Thread 0x04d31800 redefined class name=com.zeroturnaround.jrebelbase.facade.i, count=1

Internal exceptions (10 events):
Event: 88.451 Thread 0x23126c00 Exception <a 'java/lang/OutOfMemoryError'> (0x15426990) thrown at [C:\workspace\8-2-build-windows-i586-cygwin\jdk8u191\11896\hotspot\src\share\vm\gc_interface/collectedHeap.inline.hpp, line 159]
Event: 93.177 Thread 0x07fa9000 Exception <a 'java/lang/OutOfMemoryError'> (0x15426990) thrown at [C:\workspace\8-2-build-windows-i586-cygwin\jdk8u191\11896\hotspot\src\share\vm\gc_interface/collectedHeap.inline.hpp, line 159]
Event: 93.719 Thread 0x20c68400 Exception <a 'java/lang/OutOfMemoryError'> (0x15426990) thrown at [C:\workspace\8-2-build-windows-i586-cygwin\jdk8u191\11896\hotspot\src\share\vm\gc_interface/collectedHeap.inline.hpp, line 159]
Event: 94.275 Thread 0x07fa0c00 Exception <a 'java/lang/OutOfMemoryError'> (0x15426990) thrown at [C:\workspace\8-2-build-windows-i586-cygwin\jdk8u191\11896\hotspot\src\share\vm\gc_interface/collectedHeap.inline.hpp, line 159]
Event: 94.841 Thread 0x082cdc00 Exception <a 'java/lang/OutOfMemoryError'> (0x15426990) thrown at [C:\workspace\8-2-build-windows-i586-cygwin\jdk8u191\11896\hotspot\src\share\vm\gc_interface/collectedHeap.inline.hpp, line 159]
Event: 97.559 Thread 0x082cdc00 Exception <a 'java/lang/OutOfMemoryError'> (0x15426990) thrown at [C:\workspace\8-2-build-windows-i586-cygwin\jdk8u191\11896\hotspot\src\share\vm\gc_interface/collectedHeap.inline.hpp, line 159]
Event: 98.131 Thread 0x20c6b000 Exception <a 'java/lang/OutOfMemoryError'> (0x15426990) thrown at [C:\workspace\8-2-build-windows-i586-cygwin\jdk8u191\11896\hotspot\src\share\vm\gc_interface/collectedHeap.inline.hpp, line 159]
Event: 98.131 Thread 0x20c6b000 Exception <a 'java/lang/OutOfMemoryError'> (0x15426990) thrown at [C:\workspace\8-2-build-windows-i586-cygwin\jdk8u191\11896\hotspot\src\share\vm\prims\jvm.cpp, line 1439]
Event: 99.557 Thread 0x099e0000 Exception <a 'java/lang/OutOfMemoryError'> (0x15426990) thrown at [C:\workspace\8-2-build-windows-i586-cygwin\jdk8u191\11896\hotspot\src\share\vm\gc_interface/collectedHeap.inline.hpp, line 159]
Event: 102.409 Thread 0x082cdc00 Exception <a 'java/lang/ClassCircularityError': java/lang/Throwable$WrappedPrintStream> (0x1fdffd80) thrown at [C:\workspace\8-2-build-windows-i586-cygwin\jdk8u191\11896\hotspot\src\share\vm\classfile\systemDictionary.cpp, line 781]

Events (10 events):
Event: 100.976 Executing VM operation: GenCollectForAllocation
Event: 101.258 Executing VM operation: GenCollectForAllocation done
Event: 101.258 Executing VM operation: GenCollectForAllocation
Event: 101.846 Executing VM operation: GenCollectForAllocation done
Event: 101.847 Executing VM operation: GenCollectForAllocation
Event: 102.409 Executing VM operation: GenCollectForAllocation done
Event: 102.409 Executing VM operation: GenCollectForAllocation
Event: 102.690 Executing VM operation: GenCollectForAllocation done
Event: 102.690 Executing VM operation: GenCollectForAllocation
Event: 103.016 Executing VM operation: GenCollectForAllocation done


Dynamic libraries:
0x00c70000 - 0x00ca3000 	D:\software\workinstall\java\bin\java.exe
0x774d0000 - 0x7765c000 	C:\Windows\SYSTEM32\ntdll.dll
0x745f0000 - 0x746c0000 	C:\Windows\System32\KERNEL32.DLL
0x746c0000 - 0x74898000 	C:\Windows\System32\KERNELBASE.dll
0x716b0000 - 0x7174a000 	C:\Windows\SYSTEM32\apphelp.dll
0x743d0000 - 0x74448000 	C:\Windows\System32\ADVAPI32.dll
0x75b20000 - 0x75bdd000 	C:\Windows\System32\msvcrt.dll
0x75600000 - 0x75643000 	C:\Windows\System32\sechost.dll
0x75be0000 - 0x75c9e000 	C:\Windows\System32\RPCRT4.dll
0x73ef0000 - 0x73f10000 	C:\Windows\System32\SspiCli.dll
0x73ee0000 - 0x73eea000 	C:\Windows\System32\CRYPTBASE.dll
0x74590000 - 0x745e7000 	C:\Windows\System32\bcryptPrimitives.dll
0x77300000 - 0x77475000 	C:\Windows\System32\USER32.dll
0x75e30000 - 0x75e46000 	C:\Windows\System32\win32u.dll
0x75650000 - 0x75672000 	C:\Windows\System32\GDI32.dll
0x753f0000 - 0x7554f000 	C:\Windows\System32\gdi32full.dll
0x74250000 - 0x742cc000 	C:\Windows\System32\msvcp_win.dll
0x75ca0000 - 0x75db7000 	C:\Windows\System32\ucrtbase.dll
0x735b0000 - 0x737c1000 	C:\Windows\WinSxS\x86_microsoft.windows.common-controls_6595b64144ccf1df_6.0.16299.904_none_5d78158da7df044e\COMCTL32.dll
0x75870000 - 0x75ab5000 	C:\Windows\System32\combase.dll
0x74ea0000 - 0x74ec5000 	C:\Windows\System32\IMM32.DLL
0x51390000 - 0x5144f000 	D:\software\workinstall\java\jre\bin\msvcr100.dll
0x50fb0000 - 0x51383000 	D:\software\workinstall\java\jre\bin\client\jvm.dll
0x744e0000 - 0x744e6000 	C:\Windows\System32\PSAPI.DLL
0x73ed0000 - 0x73ed8000 	C:\Windows\SYSTEM32\VERSION.dll
0x737d0000 - 0x737d8000 	C:\Windows\SYSTEM32\WSOCK32.dll
0x72ac0000 - 0x72ae4000 	C:\Windows\SYSTEM32\WINMM.dll
0x75dc0000 - 0x75e26000 	C:\Windows\System32\WS2_32.dll
0x72960000 - 0x72983000 	C:\Windows\SYSTEM32\winmmbase.dll
0x74550000 - 0x74588000 	C:\Windows\System32\cfgmgr32.dll
0x5b640000 - 0x5b64c000 	D:\software\workinstall\java\jre\bin\verify.dll
0x50f80000 - 0x50fa2000 	D:\software\workinstall\java\jre\bin\java.dll
0x0fc20000 - 0x0fc53000 	C:\Users\admin\.IntelliJIdea2018.3\config\plugins\jr-ide-idea\lib\jrebel6\lib\jrebel32.dll
0x75fc0000 - 0x772f4000 	C:\Windows\System32\SHELL32.dll
0x75570000 - 0x755f8000 	C:\Windows\System32\shcore.dll
0x748a0000 - 0x74e64000 	C:\Windows\System32\windows.storage.dll
0x753a0000 - 0x753e5000 	C:\Windows\System32\shlwapi.dll
0x74e80000 - 0x74e8e000 	C:\Windows\System32\kernel.appcore.dll
0x74500000 - 0x74545000 	C:\Windows\System32\powrprof.dll
0x74230000 - 0x74244000 	C:\Windows\System32\profapi.dll
0x64cd0000 - 0x64cf0000 	D:\software\workinstall\java\jre\bin\instrument.dll
0x5b620000 - 0x5b634000 	D:\software\workinstall\java\jre\bin\zip.dll
0x64cc0000 - 0x64cca000 	D:\software\workinstall\java\jre\bin\management.dll
0x50f60000 - 0x50f75000 	D:\software\workinstall\java\jre\bin\net.dll
0x72e30000 - 0x72e85000 	C:\Windows\system32\mswsock.dll
0x50f50000 - 0x50f5f000 	D:\software\workinstall\java\jre\bin\nio.dll
0x706d0000 - 0x706f0000 	D:\software\workinstall\java\jre\bin\sunec.dll
0x0f5e0000 - 0x0f5f6000 	C:\Users\admin\AppData\Local\Temp\jrebel-temp\ver-6115c254\IdeaWin32.dll
0x50f10000 - 0x50f19000 	D:\software\workinstall\java\jre\bin\sunmscapi.dll
0x75680000 - 0x75802000 	C:\Windows\System32\CRYPT32.dll
0x74e70000 - 0x74e7e000 	C:\Windows\System32\MSASN1.dll
0x73510000 - 0x73540000 	C:\Windows\SYSTEM32\IPHLPAPI.DLL
0x744f0000 - 0x744f7000 	C:\Windows\System32\NSI.dll
0x72270000 - 0x72283000 	C:\Windows\SYSTEM32\dhcpcsvc6.DLL
0x725e0000 - 0x725f4000 	C:\Windows\SYSTEM32\dhcpcsvc.DLL
0x73eb0000 - 0x73ec3000 	C:\Windows\SYSTEM32\CRYPTSP.dll
0x73e80000 - 0x73eaf000 	C:\Windows\system32\rsaenh.dll
0x73e60000 - 0x73e79000 	C:\Windows\SYSTEM32\bcrypt.dll
0x737e0000 - 0x73802000 	C:\Windows\SYSTEM32\USERENV.dll
0x0fd10000 - 0x0fd26000 	D:\software\workinstall\IntelliJ IDEA 2018.3.2\bin\breakgen.dll
0x731c0000 - 0x731d1000 	C:\Windows\system32\napinsp.dll
0x731a0000 - 0x731b6000 	C:\Windows\system32\pnrpnsp.dll
0x72ee0000 - 0x72ef3000 	C:\Windows\system32\NLAapi.dll
0x72b70000 - 0x72c04000 	C:\Windows\SYSTEM32\DNSAPI.dll
0x72990000 - 0x7299c000 	C:\Windows\System32\winrnr.dll
0x72950000 - 0x72960000 	C:\Windows\System32\wshbth.dll
0x72510000 - 0x725d6000 	C:\Windows\System32\ierd_tgp_lsp.dll
0x742d0000 - 0x743c7000 	C:\Windows\System32\ole32.dll
0x72500000 - 0x72508000 	C:\Windows\system32\wshqos.dll
0x724f0000 - 0x724f7000 	C:\Windows\SYSTEM32\wshtcpip.DLL
0x724e0000 - 0x724e7000 	C:\Windows\SYSTEM32\wship6.dll
0x724d0000 - 0x724d8000 	C:\Windows\System32\rasadhlp.dll
0x72480000 - 0x724ce000 	C:\Windows\System32\fwpuclnt.dll
0x72c10000 - 0x72d91000 	C:\Windows\SYSTEM32\dbghelp.dll

VM Arguments:
jvm_args: -Drebel.base=C:\Users\admin\.jrebel -Drebel.env.ide.plugin.version=2018.2.4 -Drebel.env.ide.version=2018.3.2 -Drebel.env.ide.product=IU -Drebel.env.ide=intellij -agentpath:C:\Users\admin\.IntelliJIdea2018.3\config\plugins\jr-ide-idea\lib\jrebel6\lib\jrebel32.dll -XX:TieredStopAtLevel=1 -Xverify:none -Dspring.output.ansi.enabled=always -Dcom.sun.management.jmxremote -Dcom.sun.management.jmxremote.port=55793 -Dcom.sun.management.jmxremote.authenticate=false -Dcom.sun.management.jmxremote.ssl=false -Djava.rmi.server.hostname=localhost -Dspring.liveBeansView.mbeanDomain -Dspring.application.admin.enabled=true -javaagent:D:\software\workinstall\IntelliJ IDEA 2018.3.2\lib\idea_rt.jar=55794:D:\software\workinstall\IntelliJ IDEA 2018.3.2\bin -Dfile.encoding=UTF-8 
java_command: com.longfor.longjian.houseqm.Application
java_class_path (initial): D:\software\workinstall\java\jre\lib\charsets.jar;D:\software\workinstall\java\jre\lib\deploy.jar;D:\software\workinstall\java\jre\lib\ext\access-bridge-32.jar;D:\software\workinstall\java\jre\lib\ext\cldrdata.jar;D:\software\workinstall\java\jre\lib\ext\dnsns.jar;D:\software\workinstall\java\jre\lib\ext\jaccess.jar;D:\software\workinstall\java\jre\lib\ext\jfxrt.jar;D:\software\workinstall\java\jre\lib\ext\localedata.jar;D:\software\workinstall\java\jre\lib\ext\nashorn.jar;D:\software\workinstall\java\jre\lib\ext\sunec.jar;D:\software\workinstall\java\jre\lib\ext\sunjce_provider.jar;D:\software\workinstall\java\jre\lib\ext\sunmscapi.jar;D:\software\workinstall\java\jre\lib\ext\sunpkcs11.jar;D:\software\workinstall\java\jre\lib\ext\zipfs.jar;D:\software\workinstall\java\jre\lib\javaws.jar;D:\software\workinstall\java\jre\lib\jce.jar;D:\software\workinstall\java\jre\lib\jfr.jar;D:\software\workinstall\java\jre\lib\jfxswt.jar;D:\software\workinstall\java\jre\lib\jsse.jar;D:\software\workinstall\java\jre\lib\management-agent.jar;D:\software\workinstall\java\jre\lib\plugin.jar;D:\software\workinstall\java\jre\lib\resources.jar;D:\software\workinstall\java\jre\lib\rt.jar;D:\longfor\workcode\idea\longjian-houseqm-server\longjian-houseqm-app\target\classes;D:\software\workinstall\apache-maven-3.3.9\resp\org\projectlombok\lombok\1.18.2\lombok-1.18.2.jar;D:\longfor\workcode\idea\longjian-houseqm-server\longjian-houseqm-domain\target\classes;D:\software\workinstall\apache-maven-3.3.9\resp\com\longfor\gaia\gfs\gaia-gfs-apollo-client\1.1.1\gaia-gfs-apollo-client-1.1.1.jar;D:\software\workinstall\apache-maven-3.3.9\resp\com\longfor\gaia\gfs\gaia-gfs-rsa\1.0.2\gaia-gfs-rsa-1.0.2.jar;D:\software\workinstall\apache-maven-3.3.9\resp\org\bouncycastle\bcpkix-jdk15on\1.60\bcpkix-jdk15on-1.60.jar;D:\software\workinstall\apache-maven-3.3.9\resp\org\bouncycastle\bcprov-jdk15on\1.60\bcprov-jdk15on-1.60.jar;D:\software\workinstall\apache-maven-3.3.9\resp\com\ctri
Launcher Type: SUN_STANDARD

Environment Variables:
PATH=C:\Program Files (x86)\Common Files\Oracle\Java\javapath;C:\Windows\system32;C:\Windows;C:\Windows\System32\Wbem;C:\Windows\System32\WindowsPowerShell\v1.0\;D:\software\workinstall\Git\cmd;C:\Program Files (x86)\MySQL\MySQL Server 5.0\bin;D:\software\workinstall\java\bin;D:\software\workinstall\apache-maven-3.3.9\apache-maven-3.3.9\bin;C:\Go\bin;C:\Users\admin\AppData\Local\Microsoft\WindowsApps;C:\Users\admin\go\bin
USERNAME=admin
OS=Windows_NT
PROCESSOR_IDENTIFIER=Intel64 Family 6 Model 142 Stepping 10, GenuineIntel



---------------  S Y S T E M  ---------------

OS: Windows 10.0 , 64 bit Build 16299 (10.0.16299.431)

CPU:total 8 (initial active 8) (4 cores per cpu, 2 threads per core) family 6 model 142 stepping 10, cmov, cx8, fxsr, mmx, sse, sse2, sse3, ssse3, sse4.1, sse4.2, popcnt, avx, avx2, aes, clmul, erms, 3dnowpref, lzcnt, ht, tsc, tscinvbit, bmi1, bmi2, adx

Memory: 4k page, physical 8232152k(1268376k free), swap 16987500k(3039144k free)

vm_info: Java HotSpot(TM) Client VM (25.191-b12) for windows-x86 JRE (1.8.0_191-b12), built on Oct  6 2018 08:34:23 by "java_re" with MS VC++ 10.0 (VS2010)

time: Thu Jan 17 20:01:18 2019
elapsed time: 103 seconds (0d 0h 1m 43s)

