#
# A fatal error has been detected by the Java Runtime Environment:
#
#  EXCEPTION_ACCESS_VIOLATION (0xc0000005) at pc=0x507f757e, pid=1500, tid=0x00000544
#
# JRE version: Java(TM) SE Runtime Environment (8.0_191-b12) (build 1.8.0_191-b12)
# Java VM: Java HotSpot(TM) Client VM (25.191-b12 mixed mode windows-x86 )
# Problematic frame:
# V  [jvm.dll+0xe757e]
#
# Failed to write core dump. Minidumps are not enabled by default on client versions of Windows
#
# If you would like to submit a bug report, please visit:
#   http://bugreport.java.com/bugreport/crash.jsp
#

---------------  T H R E A D  ---------------

Current thread (0x19b37800):  JavaThread "rebel-change-detector-thread" daemon [_thread_in_vm, id=1348, stack(0x1af60000,0x1afb0000)]

siginfo: ExceptionCode=0xc0000005, reading address 0x00000000

Registers:
EAX=0x00000000, EBX=0x1909e5b4, ECX=0x00000000, EDX=0x186bb66c
ESP=0x1afae7e4, EBP=0x1afae800, ESI=0x00000000, EDI=0x19b37800
EIP=0x507f757e, EFLAGS=0x00010246

Top of Stack: (sp=0x1afae7e4)
0x1afae7e4:   22ff3e98 00000000 1909e5b4 19b37800
0x1afae7f4:   00000000 1909e5b4 0703c340 19b37940
0x1afae804:   77763842 19b37940 00000000 00000000
0x1afae814:   000003fa 22ff3a80 02d48aa0 1afae8fc
0x1afae824:   00000000 777637c8 02d48aa0 19b37940
0x1afae834:   00000000 00000000 00000000 1909e5b4
0x1afae844:   00000000 000003fa 22ff3a80 1afae8f8
0x1afae854:   1afae8fc 00000000 1afae928 1afae900 

Instructions: (pc=0x507f757e)
0x507f755e:   c4 08 83 7f 04 00 89 7d f0 c7 45 f4 00 00 00 00
0x507f756e:   74 08 8d 4d f0 e8 e8 34 0c 00 8b 75 10 8b 45 0c
0x507f757e:   8b 10 85 f6 78 32 8b 45 14 85 c0 78 2b 8d 0c 06
0x507f758e:   3b 4a 08 77 23 85 c0 7e 3b 8b 4a 04 8b 49 04 83 


Register to memory mapping:

EAX=0x00000000 is an unknown value
EBX=0x1909e5b4 is an unknown value
ECX=0x00000000 is an unknown value
EDX=0x186bb66c is an unknown value
ESP=0x1afae7e4 is pointing into the stack for thread: 0x19b37800
EBP=0x1afae800 is pointing into the stack for thread: 0x19b37800
ESI=0x00000000 is an unknown value
EDI=0x19b37800 is a thread


Stack: [0x1af60000,0x1afb0000],  sp=0x1afae7e4,  free space=313k
Native frames: (J=compiled Java code, j=interpreted, Vv=VM code, C=native code)
V  [jvm.dll+0xe757e]
C  [jrebel32.dll+0x3842]

Java frames: (J=compiled Java code, j=interpreted, Vv=VM code)
j  java.lang.Throwable.printStackTrace(Ljava/io/PrintStream;)V+5
j  java.lang.ThreadGroup.uncaughtException(Ljava/lang/Thread;Ljava/lang/Throwable;)V+91
j  java.lang.ThreadGroup.uncaughtException(Ljava/lang/Thread;Ljava/lang/Throwable;)V+17
j  java.lang.Thread.dispatchUncaughtException(Ljava/lang/Throwable;)V+6
v  ~StubRoutines::call_stub

---------------  P R O C E S S  ---------------

Java Threads: ( => current thread )
  0x234b6400 JavaThread "DestroyJavaVM" [_thread_blocked, id=15212, stack(0x04b90000,0x04be0000)]
  0x234b7000 JavaThread "http-nio-8081-AsyncTimeout" daemon [_thread_blocked, id=6888, stack(0x257f0000,0x25840000)]
  0x234b7c00 JavaThread "http-nio-8081-Acceptor-0" daemon [_thread_in_native, id=2812, stack(0x25760000,0x257b0000)]
  0x234b8000 JavaThread "http-nio-8081-ClientPoller-1" daemon [_thread_in_native, id=8220, stack(0x256d0000,0x25720000)]
  0x234b5c00 JavaThread "http-nio-8081-ClientPoller-0" daemon [_thread_in_native, id=12648, stack(0x25640000,0x25690000)]
  0x234b5400 JavaThread "http-nio-8081-exec-10" daemon [_thread_blocked, id=4176, stack(0x255b0000,0x25600000)]
  0x234b4400 JavaThread "http-nio-8081-exec-9" daemon [_thread_blocked, id=9864, stack(0x25520000,0x25570000)]
  0x234b4800 JavaThread "http-nio-8081-exec-8" daemon [_thread_blocked, id=13268, stack(0x25490000,0x254e0000)]
  0x234b3c00 JavaThread "http-nio-8081-exec-7" daemon [_thread_blocked, id=6352, stack(0x25400000,0x25450000)]
  0x234b5000 JavaThread "http-nio-8081-exec-6" daemon [_thread_blocked, id=7900, stack(0x25370000,0x253c0000)]
  0x234ac000 JavaThread "http-nio-8081-exec-5" daemon [_thread_blocked, id=15196, stack(0x252e0000,0x25330000)]
  0x234b3800 JavaThread "http-nio-8081-exec-4" daemon [_thread_in_Java, id=11236, stack(0x25250000,0x252a0000)]
  0x234ab800 JavaThread "http-nio-8081-exec-3" daemon [_thread_blocked, id=12988, stack(0x251c0000,0x25210000)]
  0x234ac400 JavaThread "http-nio-8081-exec-2" daemon [_thread_blocked, id=13044, stack(0x25130000,0x25180000)]
  0x234b3000 JavaThread "http-nio-8081-exec-1" daemon [_thread_blocked, id=2328, stack(0x250a0000,0x250f0000)]
  0x234b2800 JavaThread "NioBlockingSelector.BlockPoller-2" daemon [_thread_in_native, id=4456, stack(0x25010000,0x25060000)]
  0x234a9800 JavaThread "http-nio-9981-AsyncTimeout" daemon [_thread_blocked, id=7608, stack(0x24d80000,0x24dd0000)]
  0x234afc00 JavaThread "http-nio-9981-Acceptor-0" daemon [_thread_in_native, id=12964, stack(0x24cf0000,0x24d40000)]
  0x234aec00 JavaThread "http-nio-9981-ClientPoller-1" daemon [_thread_in_native, id=9204, stack(0x24c60000,0x24cb0000)]
  0x234ae400 JavaThread "http-nio-9981-ClientPoller-0" daemon [_thread_in_native, id=8524, stack(0x24bd0000,0x24c20000)]
  0x234af800 JavaThread "http-nio-9981-exec-10" daemon [_thread_blocked, id=11504, stack(0x24b40000,0x24b90000)]
  0x234ae000 JavaThread "http-nio-9981-exec-9" daemon [_thread_blocked, id=784, stack(0x24ab0000,0x24b00000)]
  0x234a9400 JavaThread "http-nio-9981-exec-8" daemon [_thread_blocked, id=1876, stack(0x24a20000,0x24a70000)]
  0x234af000 JavaThread "http-nio-9981-exec-7" daemon [_thread_blocked, id=8184, stack(0x24990000,0x249e0000)]
  0x234ad800 JavaThread "http-nio-9981-exec-6" daemon [_thread_blocked, id=6628, stack(0x24900000,0x24950000)]
  0x234ad000 JavaThread "http-nio-9981-exec-5" daemon [_thread_blocked, id=10848, stack(0x24870000,0x248c0000)]
  0x22b59400 JavaThread "http-nio-9981-exec-4" daemon [_thread_blocked, id=13080, stack(0x247e0000,0x24830000)]
  0x1ea14c00 JavaThread "http-nio-9981-exec-3" daemon [_thread_blocked, id=12852, stack(0x24750000,0x247a0000)]
  0x1f469000 JavaThread "http-nio-9981-exec-2" daemon [_thread_blocked, id=5552, stack(0x246c0000,0x24710000)]
  0x1f46c400 JavaThread "http-nio-9981-exec-1" daemon [_thread_blocked, id=12568, stack(0x24630000,0x24680000)]
  0x1f46d000 JavaThread "NioBlockingSelector.BlockPoller-1" daemon [_thread_in_native, id=8424, stack(0x245a0000,0x245f0000)]
  0x22b58800 JavaThread "container-1" [_thread_blocked, id=3508, stack(0x24510000,0x24560000)]
  0x22b58000 JavaThread "ContainerBackgroundProcessor[StandardEngine[Tomcat-1]]" daemon [_thread_blocked, id=7728, stack(0x24480000,0x244d0000)]
  0x22b56800 JavaThread "spring.cloud.inetutils" daemon [_thread_blocked, id=11952, stack(0x240d0000,0x24120000)]
  0x22b52000 JavaThread "commons-pool-evictor-thread" [_thread_in_native, id=13052, stack(0x23c40000,0x23c90000)]
  0x20a7a400 JavaThread "Druid-ConnectionPool-Destroy-6992680" daemon [_thread_blocked, id=1672, stack(0x22250000,0x222a0000)]
  0x20a7d000 JavaThread "Druid-ConnectionPool-Create-6992680" daemon [_thread_blocked, id=2628, stack(0x221c0000,0x22210000)]
  0x20a78400 JavaThread "Druid-ConnectionPool-Destroy-3956465" daemon [_thread_blocked, id=1324, stack(0x22130000,0x22180000)]
  0x20a7c400 JavaThread "Druid-ConnectionPool-Create-3956465" daemon [_thread_blocked, id=12020, stack(0x220a0000,0x220f0000)]
  0x20a77c00 JavaThread "Druid-ConnectionPool-Destroy-28716227" daemon [_thread_blocked, id=8984, stack(0x21f10000,0x21f60000)]
  0x20a7b000 JavaThread "Druid-ConnectionPool-Create-28716227" daemon [_thread_blocked, id=4160, stack(0x21e80000,0x21ed0000)]
  0x20a7c800 JavaThread "Druid-ConnectionPool-Destroy-8765761" daemon [_thread_blocked, id=876, stack(0x21df0000,0x21e40000)]
  0x20a79000 JavaThread "Druid-ConnectionPool-Create-8765761" daemon [_thread_blocked, id=10172, stack(0x21d60000,0x21db0000)]
  0x1b7bcc00 JavaThread "Druid-ConnectionPool-Destroy-19735664" daemon [_thread_blocked, id=14544, stack(0x21bd0000,0x21c20000)]
  0x1b7bac00 JavaThread "Druid-ConnectionPool-Create-19735664" daemon [_thread_blocked, id=11288, stack(0x21b40000,0x21b90000)]
  0x1f467800 JavaThread "container-0" [_thread_blocked, id=11388, stack(0x21620000,0x21670000)]
  0x1f46cc00 JavaThread "ContainerBackgroundProcessor[StandardEngine[Tomcat]]" daemon [_thread_blocked, id=14660, stack(0x21590000,0x215e0000)]
  0x1f46b000 JavaThread "metrics-logger-reporter-1-thread-1" daemon [_thread_blocked, id=12876, stack(0x1e040000,0x1e090000)]
  0x1b7b9400 JavaThread "AsyncAppender-Worker-KAFKA_ASYNC" daemon [_thread_blocked, id=2012, stack(0x1c520000,0x1c570000)]
  0x1b7b9800 JavaThread "AsyncAppender-Worker-KAFKA_ASYNC" daemon [_thread_blocked, id=9692, stack(0x1c830000,0x1c880000)]
  0x1b7bc000 JavaThread "RMI Scheduler(0)" daemon [_thread_blocked, id=9856, stack(0x1c950000,0x1c9a0000)]
  0x19b38400 JavaThread "RMI TCP Accept-0" daemon [_thread_in_native, id=5220, stack(0x1c400000,0x1c450000)]
  0x19b33000 JavaThread "RMI TCP Accept-58891" daemon [_thread_in_native, id=1368, stack(0x1c370000,0x1c3c0000)]
  0x19b38800 JavaThread "RMI TCP Accept-0" daemon [_thread_in_native, id=9160, stack(0x1c1e0000,0x1c230000)]
  0x19b39c00 JavaThread "Service Thread" daemon [_thread_blocked, id=10796, stack(0x1b080000,0x1b0d0000)]
  0x19e8d800 JavaThread "C1 CompilerThread0" daemon [_thread_blocked, id=14092, stack(0x1aff0000,0x1b040000)]
=>0x19b37800 JavaThread "rebel-change-detector-thread" daemon [_thread_in_vm, id=1348, stack(0x1af60000,0x1afb0000)]
  0x19b36800 JavaThread "rebel-debugger-thread" daemon [_thread_blocked, id=14964, stack(0x1aed0000,0x1af20000)]
  0x19b32c00 JavaThread "rebel-debugger-attach-notifier" daemon [_thread_blocked, id=3200, stack(0x1ae40000,0x1ae90000)]
  0x19b33800 JavaThread "rebel-heartbeat-thread" daemon [_thread_blocked, id=2644, stack(0x1adb0000,0x1ae00000)]
  0x19b35800 JavaThread "rebel-redeploy-thread" daemon [_thread_blocked, id=3076, stack(0x1ad20000,0x1ad70000)]
  0x19b36400 JavaThread "rebel-weak-reaper" daemon [_thread_blocked, id=14864, stack(0x1a900000,0x1a950000)]
  0x196bf800 JavaThread "rebel-leaseManager-1" daemon [_thread_blocked, id=13984, stack(0x1a560000,0x1a5b0000)]
  0x196c2c00 JavaThread "rebel-IDENotificationsImpl-PostCycle" daemon [_thread_blocked, id=11496, stack(0x1a510000,0x1a560000)]
  0x196c2000 JavaThread "rebel-messaging-executor-32" daemon [_thread_blocked, id=4632, stack(0x1a320000,0x1a370000)]
  0x196c0c00 JavaThread "rebel-cache-writer" daemon [_thread_blocked, id=8248, stack(0x18ba0000,0x18bf0000)]
  0x196c0800 JavaThread "rebel-fsnotify-OutputReader" daemon [_thread_blocked, id=6540, stack(0x1a2d0000,0x1a320000)]
  0x196c0000 JavaThread "rebel-fsnotify-OutputReader" daemon [_thread_blocked, id=11904, stack(0x1a240000,0x1a290000)]
  0x196c1800 JavaThread "rebel-fsnotify-ShutdownOnTermination" daemon [_thread_in_native, id=14912, stack(0x1a160000,0x1a1b0000)]
  0x18ace400 JavaThread "rebel-CacheKeepAlive" daemon [_thread_blocked, id=2660, stack(0x1a0b0000,0x1a100000)]
  0x18870400 JavaThread "rebel-logger" daemon [_thread_blocked, id=4648, stack(0x18b10000,0x18b60000)]
  0x1757e400 JavaThread "JDWP Command Reader" daemon [_thread_in_native, id=12624, stack(0x17e80000,0x17ed0000)]
  0x1757d000 JavaThread "JDWP Event Helper Thread" daemon [_thread_blocked, id=8176, stack(0x17df0000,0x17e40000)]
  0x17571c00 JavaThread "JDWP Transport Listener: dt_socket" daemon [_thread_blocked, id=12928, stack(0x17d60000,0x17db0000)]
  0x17568c00 JavaThread "Attach Listener" daemon [_thread_blocked, id=13604, stack(0x179a0000,0x179f0000)]
  0x17568400 JavaThread "Signal Dispatcher" daemon [_thread_blocked, id=1344, stack(0x17910000,0x17960000)]
  0x04cc9000 JavaThread "Finalizer" daemon [_thread_blocked, id=2496, stack(0x17820000,0x17870000)]
  0x04cc7000 JavaThread "Reference Handler" daemon [_thread_blocked, id=6436, stack(0x17790000,0x177e0000)]

Other Threads:
  0x04cc1c00 VMThread [stack: 0x17700000,0x17750000] [id=12444]
  0x194b4c00 WatcherThread [stack: 0x1c490000,0x1c4e0000] [id=6688]

VM state:not at safepoint (normal execution)

VM Mutex/Monitor currently owned by a thread: None

Heap:
 def new generation   total 78656K, used 46372K [0x07000000, 0x0c550000, 0x0c550000)
  eden space 69952K,  66% used [0x07000000, 0x09d49280, 0x0b450000)
  from space 8704K,   0% used [0x0bcd0000, 0x0bcd0000, 0x0c550000)
  to   space 8704K,   0% used [0x0b450000, 0x0b450000, 0x0bcd0000)
 tenured generation   total 174784K, used 163144K [0x0c550000, 0x17000000, 0x17000000)
   the space 174784K,  93% used [0x0c550000, 0x164a2048, 0x164a2200, 0x17000000)
 Metaspace       used 71492K, capacity 72986K, committed 73844K, reserved 74112K

Card table byte_map: [0x06f40000,0x06fd0000] byte_map_base: 0x06f08000

Polling page: 0x02d30000

CodeCache: size=32768Kb used=10583Kb max_used=11963Kb free=22184Kb
 bounds [0x04ec0000, 0x05a88000, 0x06ec0000]
 total_blobs=6777 nmethods=6528 adapters=187
 compilation: enabled

Compilation events (10 events):
Event: 122.613 Thread 0x19e8d800 16083             org.springframework.beans.factory.config.InstantiationAwareBeanPostProcessorAdapter::predictBeanType (6 bytes)
Event: 122.613 Thread 0x19e8d800 nmethod 16083 0x053a7988 code [0x053a7a80, 0x053a7b00]
Event: 125.359 Thread 0x19e8d800 16084             org.apache.ibatis.ognl.OgnlContext::setCurrentObject (10 bytes)
Event: 125.359 Thread 0x19e8d800 nmethod 16084 0x0546fb08 code [0x0546fc00, 0x0546fc90]
Event: 129.968 Thread 0x19e8d800 16085   !         sun.nio.ch.WindowsSelectorImpl$SubSelector::processFDSet (388 bytes)
Event: 129.972 Thread 0x19e8d800 nmethod 16085 0x04f6df08 code [0x04f6e0d0, 0x04f6e8f8]
Event: 167.497 Thread 0x19e8d800 16086             sun.nio.cs.StreamEncoder::_jr$ig$bb (8 bytes)
Event: 167.498 Thread 0x19e8d800 nmethod 16086 0x056b1388 code [0x056b1480, 0x056b1520]
Event: 177.538 Thread 0x19e8d800 16087   !         java.util.concurrent.ConcurrentHashMap::transfer (856 bytes)
Event: 177.540 Thread 0x19e8d800 nmethod 16087 0x054ceb48 code [0x054ced30, 0x054d005c]

GC Heap History (10 events):
Event: 208.322 GC heap before
{Heap before GC invocations=378 (full 143):
 def new generation   total 78656K, used 78655K [0x07000000, 0x0c550000, 0x0c550000)
  eden space 69952K, 100% used [0x07000000, 0x0b450000, 0x0b450000)
  from space 8704K,  99% used [0x0bcd0000, 0x0c54ff68, 0x0c550000)
  to   space 8704K,   0% used [0x0b450000, 0x0b450000, 0x0bcd0000)
 tenured generation   total 174784K, used 174783K [0x0c550000, 0x17000000, 0x17000000)
   the space 174784K,  99% used [0x0c550000, 0x16ffff90, 0x17000000, 0x17000000)
 Metaspace       used 71488K, capacity 72986K, committed 73844K, reserved 74112K
Event: 208.652 GC heap after
Heap after GC invocations=379 (full 144):
 def new generation   total 78656K, used 78617K [0x07000000, 0x0c550000, 0x0c550000)
  eden space 69952K,  99% used [0x07000000, 0x0b44fe38, 0x0b450000)
  from space 8704K,  99% used [0x0bcd0000, 0x0c546990, 0x0c550000)
  to   space 8704K,   0% used [0x0b450000, 0x0b450000, 0x0bcd0000)
 tenured generation   total 174784K, used 174784K [0x0c550000, 0x17000000, 0x17000000)
   the space 174784K, 100% used [0x0c550000, 0x17000000, 0x17000000, 0x17000000)
 Metaspace       used 71488K, capacity 72986K, committed 73844K, reserved 74112K
}
Event: 208.653 GC heap before
{Heap before GC invocations=379 (full 144):
 def new generation   total 78656K, used 78655K [0x07000000, 0x0c550000, 0x0c550000)
  eden space 69952K, 100% used [0x07000000, 0x0b450000, 0x0b450000)
  from space 8704K,  99% used [0x0bcd0000, 0x0c54fff8, 0x0c550000)
  to   space 8704K,   0% used [0x0b450000, 0x0b450000, 0x0bcd0000)
 tenured generation   total 174784K, used 174784K [0x0c550000, 0x17000000, 0x17000000)
   the space 174784K, 100% used [0x0c550000, 0x17000000, 0x17000000, 0x17000000)
 Metaspace       used 71488K, capacity 72986K, committed 73844K, reserved 74112K
Event: 208.922 GC heap after
Heap after GC invocations=380 (full 145):
 def new generation   total 78656K, used 78620K [0x07000000, 0x0c550000, 0x0c550000)
  eden space 69952K,  99% used [0x07000000, 0x0b44feb0, 0x0b450000)
  from space 8704K,  99% used [0x0bcd0000, 0x0c547388, 0x0c550000)
  to   space 8704K,   0% used [0x0b450000, 0x0b450000, 0x0bcd0000)
 tenured generation   total 174784K, used 174784K [0x0c550000, 0x17000000, 0x17000000)
   the space 174784K, 100% used [0x0c550000, 0x17000000, 0x17000000, 0x17000000)
 Metaspace       used 71488K, capacity 72986K, committed 73844K, reserved 74112K
}
Event: 208.923 GC heap before
{Heap before GC invocations=380 (full 145):
 def new generation   total 78656K, used 78655K [0x07000000, 0x0c550000, 0x0c550000)
  eden space 69952K, 100% used [0x07000000, 0x0b450000, 0x0b450000)
  from space 8704K,  99% used [0x0bcd0000, 0x0c54ffc0, 0x0c550000)
  to   space 8704K,   0% used [0x0b450000, 0x0b450000, 0x0bcd0000)
 tenured generation   total 174784K, used 174784K [0x0c550000, 0x17000000, 0x17000000)
   the space 174784K, 100% used [0x0c550000, 0x17000000, 0x17000000, 0x17000000)
 Metaspace       used 71488K, capacity 72986K, committed 73844K, reserved 74112K
Event: 209.206 GC heap after
Heap after GC invocations=381 (full 146):
 def new generation   total 78656K, used 78616K [0x07000000, 0x0c550000, 0x0c550000)
  eden space 69952K,  99% used [0x07000000, 0x0b44fe00, 0x0b450000)
  from space 8704K,  99% used [0x0bcd0000, 0x0c546450, 0x0c550000)
  to   space 8704K,   0% used [0x0b450000, 0x0b450000, 0x0bcd0000)
 tenured generation   total 174784K, used 174784K [0x0c550000, 0x17000000, 0x17000000)
   the space 174784K, 100% used [0x0c550000, 0x17000000, 0x17000000, 0x17000000)
 Metaspace       used 71488K, capacity 72986K, committed 73844K, reserved 74112K
}
Event: 209.235 GC heap before
{Heap before GC invocations=381 (full 146):
 def new generation   total 78656K, used 78655K [0x07000000, 0x0c550000, 0x0c550000)
  eden space 69952K, 100% used [0x07000000, 0x0b450000, 0x0b450000)
  from space 8704K,  99% used [0x0bcd0000, 0x0c54ffd8, 0x0c550000)
  to   space 8704K,   0% used [0x0b450000, 0x0b450000, 0x0bcd0000)
 tenured generation   total 174784K, used 174784K [0x0c550000, 0x17000000, 0x17000000)
   the space 174784K, 100% used [0x0c550000, 0x17000000, 0x17000000, 0x17000000)
 Metaspace       used 71490K, capacity 72986K, committed 73844K, reserved 74112K
Event: 209.509 GC heap after
Heap after GC invocations=382 (full 147):
 def new generation   total 78656K, used 78624K [0x07000000, 0x0c550000, 0x0c550000)
  eden space 69952K,  99% used [0x07000000, 0x0b44fe00, 0x0b450000)
  from space 8704K,  99% used [0x0bcd0000, 0x0c548460, 0x0c550000)
  to   space 8704K,   0% used [0x0b450000, 0x0b450000, 0x0bcd0000)
 tenured generation   total 174784K, used 174784K [0x0c550000, 0x17000000, 0x17000000)
   the space 174784K, 100% used [0x0c550000, 0x17000000, 0x17000000, 0x17000000)
 Metaspace       used 71490K, capacity 72986K, committed 73844K, reserved 74112K
}
Event: 209.526 GC heap before
{Heap before GC invocations=382 (full 147):
 def new generation   total 78656K, used 78655K [0x07000000, 0x0c550000, 0x0c550000)
  eden space 69952K, 100% used [0x07000000, 0x0b450000, 0x0b450000)
  from space 8704K,  99% used [0x0bcd0000, 0x0c54fff8, 0x0c550000)
  to   space 8704K,   0% used [0x0b450000, 0x0b450000, 0x0bcd0000)
 tenured generation   total 174784K, used 174784K [0x0c550000, 0x17000000, 0x17000000)
   the space 174784K, 100% used [0x0c550000, 0x17000000, 0x17000000, 0x17000000)
 Metaspace       used 71490K, capacity 72986K, committed 73844K, reserved 74112K
Event: 209.821 GC heap after
Heap after GC invocations=383 (full 148):
 def new generation   total 78656K, used 0K [0x07000000, 0x0c550000, 0x0c550000)
  eden space 69952K,   0% used [0x07000000, 0x07000000, 0x0b450000)
  from space 8704K,   0% used [0x0bcd0000, 0x0bcd0000, 0x0c550000)
  to   space 8704K,   0% used [0x0b450000, 0x0b450000, 0x0bcd0000)
 tenured generation   total 174784K, used 163144K [0x0c550000, 0x17000000, 0x17000000)
   the space 174784K,  93% used [0x0c550000, 0x164a2048, 0x164a2200, 0x17000000)
 Metaspace       used 71490K, capacity 72986K, committed 73844K, reserved 74112K
}

Deoptimization events (0 events):
No events

Classes redefined (7 events):
Event: 1.723 Thread 0x04cc1c00 redefined class name=com.zeroturnaround.jrebelbase.facade.au, count=1
Event: 1.724 Thread 0x04cc1c00 redefined class name=com.zeroturnaround.jrebelbase.facade.ao, count=1
Event: 1.727 Thread 0x04cc1c00 redefined class name=com.zeroturnaround.jrebelbase.facade.a, count=1
Event: 1.731 Thread 0x04cc1c00 redefined class name=com.zeroturnaround.jrebelbase.h, count=1
Event: 1.734 Thread 0x04cc1c00 redefined class name=com.zeroturnaround.jrebelbase.facade.h, count=1
Event: 1.736 Thread 0x04cc1c00 redefined class name=com.zeroturnaround.jrebelbase.facade.g, count=1
Event: 1.738 Thread 0x04cc1c00 redefined class name=com.zeroturnaround.jrebelbase.facade.i, count=1

Internal exceptions (10 events):
Event: 191.553 Thread 0x1f468000 Exception <a 'java/lang/OutOfMemoryError'> (0x0c6275f0) thrown at [C:\workspace\8-2-build-windows-i586-cygwin\jdk8u191\11896\hotspot\src\share\vm\gc_interface/collectedHeap.inline.hpp, line 159]
Event: 192.093 Thread 0x1f468000 Exception <a 'java/lang/OutOfMemoryError'> (0x0c6275f0) thrown at [C:\workspace\8-2-build-windows-i586-cygwin\jdk8u191\11896\hotspot\src\share\vm\prims\jvm.cpp, line 1439]
Event: 194.295 Thread 0x22b52000 Exception <a 'java/lang/OutOfMemoryError'> (0x0c6275f0) thrown at [C:\workspace\8-2-build-windows-i586-cygwin\jdk8u191\11896\hotspot\src\share\vm\gc_interface/collectedHeap.inline.hpp, line 159]
Event: 196.022 Thread 0x1f468000 Exception <a 'java/lang/InterruptedException'> (0x0c54fbf0) thrown at [C:\workspace\8-2-build-windows-i586-cygwin\jdk8u191\11896\hotspot\src\share\vm\runtime\objectMonitor.cpp, line 1495]
Event: 197.240 Thread 0x19b37800 Exception <a 'java/lang/OutOfMemoryError'> (0x0c6275f0) thrown at [C:\workspace\8-2-build-windows-i586-cygwin\jdk8u191\11896\hotspot\src\share\vm\gc_interface/collectedHeap.inline.hpp, line 159]
Event: 201.141 Thread 0x22b52000 Exception <a 'java/lang/OutOfMemoryError'> (0x0c6275f0) thrown at [C:\workspace\8-2-build-windows-i586-cygwin\jdk8u191\11896\hotspot\src\share\vm\gc_interface/collectedHeap.inline.hpp, line 159]
Event: 201.141 Thread 0x22b52000 Exception <a 'java/lang/OutOfMemoryError'> (0x0c6275f0) thrown at [C:\workspace\8-2-build-windows-i586-cygwin\jdk8u191\11896\hotspot\src\share\vm\prims\jvm.cpp, line 1439]
Event: 204.189 Thread 0x22b52000 Exception <a 'java/lang/OutOfMemoryError'> (0x0c6275f0) thrown at [C:\workspace\8-2-build-windows-i586-cygwin\jdk8u191\11896\hotspot\src\share\vm\gc_interface/collectedHeap.inline.hpp, line 159]
Event: 204.189 Thread 0x22b52000 Exception <a 'java/lang/OutOfMemoryError'> (0x0c6275f0) thrown at [C:\workspace\8-2-build-windows-i586-cygwin\jdk8u191\11896\hotspot\src\share\vm\prims\jvm.cpp, line 1439]
Event: 209.863 Thread 0x19b37800 Exception <a 'java/lang/ClassCircularityError': java/lang/Throwable$WrappedPrintStream> (0x0703c340) thrown at [C:\workspace\8-2-build-windows-i586-cygwin\jdk8u191\11896\hotspot\src\share\vm\classfile\systemDictionary.cpp, line 781]

Events (10 events):
Event: 209.822 Thread 0x234b3800 DEOPT UNPACKING pc=0x04efc5e5 sp=0x2529d33c mode 1
Event: 209.822 loading class org/apache/ibatis/exceptions/ExceptionFactory
Event: 209.822 loading class org/apache/ibatis/exceptions/ExceptionFactory done
Event: 209.822 Thread 0x234b3800 DEOPT PACKING pc=0x05167bc0 sp=0x2529cde0
Event: 209.822 Thread 0x234b3800 DEOPT UNPACKING pc=0x04efc5e5 sp=0x2529cc90 mode 1
Event: 209.822 Thread 0x234b3800 DEOPT PACKING pc=0x04fd7e74 sp=0x2529ce30
Event: 209.822 Thread 0x234b3800 DEOPT UNPACKING pc=0x04efc5e5 sp=0x2529cd00 mode 1
Event: 209.822 Thread 0x234b3800 DEOPT PACKING pc=0x04fd7de0 sp=0x2529cec0
Event: 209.822 Thread 0x234b3800 DEOPT UNPACKING pc=0x04efc5e5 sp=0x2529cd90 mode 1
Event: 209.863 Thread 0x1f468000 Thread exited: 0x1f468000


Dynamic libraries:
0x00860000 - 0x00893000 	D:\software\workinstall\java\bin\java.exe
0x774d0000 - 0x7765c000 	C:\Windows\SYSTEM32\ntdll.dll
0x745f0000 - 0x746c0000 	C:\Windows\System32\KERNEL32.DLL
0x746c0000 - 0x74898000 	C:\Windows\System32\KERNELBASE.dll
0x716b0000 - 0x7174a000 	C:\Windows\SYSTEM32\apphelp.dll
0x743d0000 - 0x74448000 	C:\Windows\System32\ADVAPI32.dll
0x75b20000 - 0x75bdd000 	C:\Windows\System32\msvcrt.dll
0x75600000 - 0x75643000 	C:\Windows\System32\sechost.dll
0x75be0000 - 0x75c9e000 	C:\Windows\System32\RPCRT4.dll
0x73ef0000 - 0x73f10000 	C:\Windows\System32\SspiCli.dll
0x73ee0000 - 0x73eea000 	C:\Windows\System32\CRYPTBASE.dll
0x74590000 - 0x745e7000 	C:\Windows\System32\bcryptPrimitives.dll
0x77300000 - 0x77475000 	C:\Windows\System32\USER32.dll
0x75e30000 - 0x75e46000 	C:\Windows\System32\win32u.dll
0x75650000 - 0x75672000 	C:\Windows\System32\GDI32.dll
0x753f0000 - 0x7554f000 	C:\Windows\System32\gdi32full.dll
0x74250000 - 0x742cc000 	C:\Windows\System32\msvcp_win.dll
0x75ca0000 - 0x75db7000 	C:\Windows\System32\ucrtbase.dll
0x735b0000 - 0x737c1000 	C:\Windows\WinSxS\x86_microsoft.windows.common-controls_6595b64144ccf1df_6.0.16299.904_none_5d78158da7df044e\COMCTL32.dll
0x75870000 - 0x75ab5000 	C:\Windows\System32\combase.dll
0x74ea0000 - 0x74ec5000 	C:\Windows\System32\IMM32.DLL
0x50af0000 - 0x50baf000 	D:\software\workinstall\java\jre\bin\msvcr100.dll
0x50710000 - 0x50ae3000 	D:\software\workinstall\java\jre\bin\client\jvm.dll
0x744e0000 - 0x744e6000 	C:\Windows\System32\PSAPI.DLL
0x737d0000 - 0x737d8000 	C:\Windows\SYSTEM32\WSOCK32.dll
0x75dc0000 - 0x75e26000 	C:\Windows\System32\WS2_32.dll
0x72ac0000 - 0x72ae4000 	C:\Windows\SYSTEM32\WINMM.dll
0x73ed0000 - 0x73ed8000 	C:\Windows\SYSTEM32\VERSION.dll
0x72960000 - 0x72983000 	C:\Windows\SYSTEM32\WINMMBASE.dll
0x74550000 - 0x74588000 	C:\Windows\System32\cfgmgr32.dll
0x5c480000 - 0x5c48c000 	D:\software\workinstall\java\jre\bin\verify.dll
0x5c450000 - 0x5c472000 	D:\software\workinstall\java\jre\bin\java.dll
0x5b290000 - 0x5b2bb000 	D:\software\workinstall\java\jre\bin\jdwp.dll
0x5c4b0000 - 0x5c4b7000 	D:\software\workinstall\java\jre\bin\npt.dll
0x77760000 - 0x77793000 	C:\Users\admin\.IntelliJIdea2018.3\config\plugins\jr-ide-idea\lib\jrebel6\lib\jrebel32.dll
0x75fc0000 - 0x772f4000 	C:\Windows\System32\SHELL32.dll
0x75570000 - 0x755f8000 	C:\Windows\System32\shcore.dll
0x748a0000 - 0x74e64000 	C:\Windows\System32\windows.storage.dll
0x753a0000 - 0x753e5000 	C:\Windows\System32\shlwapi.dll
0x74e80000 - 0x74e8e000 	C:\Windows\System32\kernel.appcore.dll
0x74500000 - 0x74545000 	C:\Windows\System32\powrprof.dll
0x74230000 - 0x74244000 	C:\Windows\System32\profapi.dll
0x6d7a0000 - 0x6d7c0000 	D:\software\workinstall\java\jre\bin\instrument.dll
0x5c430000 - 0x5c444000 	D:\software\workinstall\java\jre\bin\zip.dll
0x5c490000 - 0x5c498000 	D:\software\workinstall\java\jre\bin\dt_socket.dll
0x72510000 - 0x725d6000 	C:\Windows\System32\ierd_tgp_lsp.dll
0x742d0000 - 0x743c7000 	C:\Windows\System32\ole32.dll
0x72e30000 - 0x72e85000 	C:\Windows\system32\mswsock.dll
0x72500000 - 0x72508000 	C:\Windows\system32\wshqos.dll
0x724f0000 - 0x724f7000 	C:\Windows\SYSTEM32\wshtcpip.DLL
0x724e0000 - 0x724e7000 	C:\Windows\SYSTEM32\wship6.dll
0x64c70000 - 0x64c7a000 	D:\software\workinstall\java\jre\bin\management.dll
0x5b270000 - 0x5b285000 	D:\software\workinstall\java\jre\bin\net.dll
0x5b260000 - 0x5b26f000 	D:\software\workinstall\java\jre\bin\nio.dll
0x70640000 - 0x70660000 	D:\software\workinstall\java\jre\bin\sunec.dll
0x710e0000 - 0x710e9000 	D:\software\workinstall\java\jre\bin\sunmscapi.dll
0x75680000 - 0x75802000 	C:\Windows\System32\CRYPT32.dll
0x74e70000 - 0x74e7e000 	C:\Windows\System32\MSASN1.dll
0x1a100000 - 0x1a116000 	C:\Users\admin\AppData\Local\Temp\jrebel-temp\ver-6115c254\IdeaWin32.dll
0x73510000 - 0x73540000 	C:\Windows\SYSTEM32\IPHLPAPI.DLL
0x744f0000 - 0x744f7000 	C:\Windows\System32\NSI.dll
0x72270000 - 0x72283000 	C:\Windows\SYSTEM32\dhcpcsvc6.DLL
0x725e0000 - 0x725f4000 	C:\Windows\SYSTEM32\dhcpcsvc.DLL
0x73eb0000 - 0x73ec3000 	C:\Windows\SYSTEM32\CRYPTSP.dll
0x73e80000 - 0x73eaf000 	C:\Windows\system32\rsaenh.dll
0x73e60000 - 0x73e79000 	C:\Windows\SYSTEM32\bcrypt.dll
0x737e0000 - 0x73802000 	C:\Windows\SYSTEM32\USERENV.dll
0x731c0000 - 0x731d1000 	C:\Windows\system32\napinsp.dll
0x731a0000 - 0x731b6000 	C:\Windows\system32\pnrpnsp.dll
0x72ee0000 - 0x72ef3000 	C:\Windows\system32\NLAapi.dll
0x72b70000 - 0x72c04000 	C:\Windows\SYSTEM32\DNSAPI.dll
0x72990000 - 0x7299c000 	C:\Windows\System32\winrnr.dll
0x72950000 - 0x72960000 	C:\Windows\System32\wshbth.dll
0x724d0000 - 0x724d8000 	C:\Windows\System32\rasadhlp.dll
0x72480000 - 0x724ce000 	C:\Windows\System32\fwpuclnt.dll
0x72c10000 - 0x72d91000 	C:\Windows\SYSTEM32\dbghelp.dll

VM Arguments:
jvm_args: -agentlib:jdwp=transport=dt_socket,address=127.0.0.1:58898,suspend=y,server=n -Drebel.base=C:\Users\admin\.jrebel -Drebel.env.ide.plugin.version=2018.2.4 -Drebel.env.ide.version=2018.3.2 -Drebel.env.ide.product=IU -Drebel.env.ide=intellij -agentpath:C:\Users\admin\.IntelliJIdea2018.3\config\plugins\jr-ide-idea\lib\jrebel6\lib\jrebel32.dll -XX:TieredStopAtLevel=1 -Xverify:none -Dspring.output.ansi.enabled=always -Dcom.sun.management.jmxremote -Dcom.sun.management.jmxremote.port=58891 -Dcom.sun.management.jmxremote.authenticate=false -Dcom.sun.management.jmxremote.ssl=false -Djava.rmi.server.hostname=localhost -Dspring.liveBeansView.mbeanDomain -Dspring.application.admin.enabled=true -javaagent:C:\Users\admin\.IntelliJIdea2018.3\system\captureAgent\debugger-agent.jar -Dfile.encoding=UTF-8 
java_command: com.longfor.longjian.houseqm.Application
java_class_path (initial): D:\software\workinstall\java\jre\lib\charsets.jar;D:\software\workinstall\java\jre\lib\deploy.jar;D:\software\workinstall\java\jre\lib\ext\access-bridge-32.jar;D:\software\workinstall\java\jre\lib\ext\cldrdata.jar;D:\software\workinstall\java\jre\lib\ext\dnsns.jar;D:\software\workinstall\java\jre\lib\ext\jaccess.jar;D:\software\workinstall\java\jre\lib\ext\jfxrt.jar;D:\software\workinstall\java\jre\lib\ext\localedata.jar;D:\software\workinstall\java\jre\lib\ext\nashorn.jar;D:\software\workinstall\java\jre\lib\ext\sunec.jar;D:\software\workinstall\java\jre\lib\ext\sunjce_provider.jar;D:\software\workinstall\java\jre\lib\ext\sunmscapi.jar;D:\software\workinstall\java\jre\lib\ext\sunpkcs11.jar;D:\software\workinstall\java\jre\lib\ext\zipfs.jar;D:\software\workinstall\java\jre\lib\javaws.jar;D:\software\workinstall\java\jre\lib\jce.jar;D:\software\workinstall\java\jre\lib\jfr.jar;D:\software\workinstall\java\jre\lib\jfxswt.jar;D:\software\workinstall\java\jre\lib\jsse.jar;D:\software\workinstall\java\jre\lib\management-agent.jar;D:\software\workinstall\java\jre\lib\plugin.jar;D:\software\workinstall\java\jre\lib\resources.jar;D:\software\workinstall\java\jre\lib\rt.jar;D:\longfor\workcode\idea\longjian-houseqm-server\longjian-houseqm-app\target\classes;D:\software\workinstall\apache-maven-3.3.9\resp\org\projectlombok\lombok\1.18.2\lombok-1.18.2.jar;D:\longfor\workcode\idea\longjian-houseqm-server\longjian-houseqm-domain\target\classes;D:\software\workinstall\apache-maven-3.3.9\resp\com\longfor\gaia\gfs\gaia-gfs-apollo-client\1.1.1\gaia-gfs-apollo-client-1.1.1.jar;D:\software\workinstall\apache-maven-3.3.9\resp\com\longfor\gaia\gfs\gaia-gfs-rsa\1.0.2\gaia-gfs-rsa-1.0.2.jar;D:\software\workinstall\apache-maven-3.3.9\resp\org\bouncycastle\bcpkix-jdk15on\1.60\bcpkix-jdk15on-1.60.jar;D:\software\workinstall\apache-maven-3.3.9\resp\org\bouncycastle\bcprov-jdk15on\1.60\bcprov-jdk15on-1.60.jar;D:\software\workinstall\apache-maven-3.3.9\resp\com\ctri
Launcher Type: SUN_STANDARD

Environment Variables:
PATH=C:\Program Files (x86)\Common Files\Oracle\Java\javapath;C:\Windows\system32;C:\Windows;C:\Windows\System32\Wbem;C:\Windows\System32\WindowsPowerShell\v1.0\;D:\software\workinstall\Git\cmd;C:\Program Files (x86)\MySQL\MySQL Server 5.0\bin;D:\software\workinstall\java\bin;D:\software\workinstall\apache-maven-3.3.9\apache-maven-3.3.9\bin;C:\Go\bin;C:\Users\admin\AppData\Local\Microsoft\WindowsApps;C:\Users\admin\go\bin
USERNAME=admin
OS=Windows_NT
PROCESSOR_IDENTIFIER=Intel64 Family 6 Model 142 Stepping 10, GenuineIntel



---------------  S Y S T E M  ---------------

OS: Windows 10.0 , 64 bit Build 16299 (10.0.16299.431)

CPU:total 8 (initial active 8) (4 cores per cpu, 2 threads per core) family 6 model 142 stepping 10, cmov, cx8, fxsr, mmx, sse, sse2, sse3, ssse3, sse4.1, sse4.2, popcnt, avx, avx2, aes, clmul, erms, 3dnowpref, lzcnt, ht, tsc, tscinvbit, bmi1, bmi2, adx

Memory: 4k page, physical 8232152k(669304k free), swap 15386076k(2219000k free)

vm_info: Java HotSpot(TM) Client VM (25.191-b12) for windows-x86 JRE (1.8.0_191-b12), built on Oct  6 2018 08:34:23 by "java_re" with MS VC++ 10.0 (VS2010)

time: Wed Jan 16 16:56:18 2019
elapsed time: 209 seconds (0d 0h 3m 29s)

